<?xml version="1.0" encoding="UTF-8"?>
<testng-results skipped="0" failed="0" ignored="0" total="4" passed="4">
  <reporter-output>
  </reporter-output>
  <suite name="Default suite" duration-ms="78826" started-at="2020-12-31T20:16:51Z" finished-at="2020-12-31T20:18:10Z">
    <groups>
      <group name="cucumber">
        <method signature="AbstractTestNGCucumberTests.runScenario(io.cucumber.testng.PickleWrapper, io.cucumber.testng.FeatureWrapper)[pri:0, instance:com.carbonite.test.suites.BuisnessSolutionPageTest@3e92efc3]" name="runScenario" class="io.cucumber.testng.AbstractTestNGCucumberTests"/>
      </group> <!-- cucumber -->
    </groups>
    <test name="Default test" duration-ms="78826" started-at="2020-12-31T20:16:51Z" finished-at="2020-12-31T20:18:10Z">
      <class name="com.carbonite.test.suites.BuisnessSolutionPageTest">
        <test-method status="PASS" signature="setUpClass()[pri:0, instance:com.carbonite.test.suites.BuisnessSolutionPageTest@3e92efc3]" name="setUpClass" is-config="true" duration-ms="297" started-at="2020-12-31T20:16:51Z" finished-at="2020-12-31T20:16:52Z">
          <reporter-output>
          </reporter-output>
        </test-method> <!-- setUpClass -->
        <test-method status="PASS" signature="runScenario(io.cucumber.testng.PickleWrapper, io.cucumber.testng.FeatureWrapper)[pri:0, instance:com.carbonite.test.suites.BuisnessSolutionPageTest@3e92efc3]" name="runScenario" duration-ms="23919" started-at="2020-12-31T20:16:52Z" description="Runs Cucumber Scenarios" data-provider="scenarios" finished-at="2020-12-31T20:17:15Z">
          <params>
            <param index="0">
              <value>
                <![CDATA["Title of Page"]]>
              </value>
            </param>
            <param index="1">
              <value>
                <![CDATA["Optional[Verify Headers and subHeaders of Home Back Up]"]]>
              </value>
            </param>
          </params>
          <reporter-output>
          </reporter-output>
        </test-method> <!-- runScenario -->
        <test-method status="PASS" signature="runScenario(io.cucumber.testng.PickleWrapper, io.cucumber.testng.FeatureWrapper)[pri:0, instance:com.carbonite.test.suites.BuisnessSolutionPageTest@3e92efc3]" name="runScenario" duration-ms="17787" started-at="2020-12-31T20:17:15Z" description="Runs Cucumber Scenarios" data-provider="scenarios" finished-at="2020-12-31T20:17:33Z">
          <params>
            <param index="0">
              <value>
                <![CDATA["Main Header Text"]]>
              </value>
            </param>
            <param index="1">
              <value>
                <![CDATA["Optional[Verify Headers and subHeaders of Home Back Up]"]]>
              </value>
            </param>
          </params>
          <reporter-output>
          </reporter-output>
        </test-method> <!-- runScenario -->
        <test-method status="PASS" signature="runScenario(io.cucumber.testng.PickleWrapper, io.cucumber.testng.FeatureWrapper)[pri:0, instance:com.carbonite.test.suites.BuisnessSolutionPageTest@3e92efc3]" name="runScenario" duration-ms="17806" started-at="2020-12-31T20:17:33Z" description="Runs Cucumber Scenarios" data-provider="scenarios" finished-at="2020-12-31T20:17:51Z">
          <params>
            <param index="0">
              <value>
                <![CDATA["SubHeader Text"]]>
              </value>
            </param>
            <param index="1">
              <value>
                <![CDATA["Optional[Verify Headers and subHeaders of Home Back Up]"]]>
              </value>
            </param>
          </params>
          <reporter-output>
          </reporter-output>
        </test-method> <!-- runScenario -->
        <test-method status="PASS" signature="runScenario(io.cucumber.testng.PickleWrapper, io.cucumber.testng.FeatureWrapper)[pri:0, instance:com.carbonite.test.suites.BuisnessSolutionPageTest@3e92efc3]" name="runScenario" duration-ms="18984" started-at="2020-12-31T20:17:51Z" description="Runs Cucumber Scenarios" data-provider="scenarios" finished-at="2020-12-31T20:18:10Z">
          <params>
            <param index="0">
              <value>
                <![CDATA["Verify Image"]]>
              </value>
            </param>
            <param index="1">
              <value>
                <![CDATA["Optional[Verify Headers and subHeaders of Home Back Up]"]]>
              </value>
            </param>
          </params>
          <reporter-output>
          </reporter-output>
        </test-method> <!-- runScenario -->
        <test-method status="PASS" signature="tearDownClass()[pri:0, instance:com.carbonite.test.suites.BuisnessSolutionPageTest@3e92efc3]" name="tearDownClass" is-config="true" duration-ms="8" started-at="2020-12-31T20:18:10Z" finished-at="2020-12-31T20:18:10Z">
          <reporter-output>
          </reporter-output>
        </test-method> <!-- tearDownClass -->
      </class> <!-- com.carbonite.test.suites.BuisnessSolutionPageTest -->
    </test> <!-- Default test -->
  </suite> <!-- Default suite -->
</testng-results>
