<?xml version="1.0" encoding="UTF-8"?>
<!-- Generated by org.testng.reporters.JUnitReportReporter -->
<testsuite skipped="0" hostname="LAPTOP-JVNL5G83" name="com.carbonite.test.suites.CompareBackUpPlanPageTest" tests="4" failures="0" timestamp="31 Dec 2020 17:40:03 GMT" time="55.756" errors="4">
  <testcase name="runScenario" time="24.805" classname="com.carbonite.test.suites.CompareBackUpPlanPageTest">
    <error type="java.lang.StackOverflowError">
      <![CDATA[java.lang.StackOverflowError
at java.util.ArrayList.addAll(Unknown Source)
at org.openqa.selenium.support.ui.FluentWait.ignoreAll(FluentWait.java:201)
at org.openqa.selenium.support.ui.FluentWait.ignoring(FluentWait.java:211)
at org.openqa.selenium.support.ui.WebDriverWait.<init>(WebDriverWait.java:88)
at org.openqa.selenium.support.ui.WebDriverWait.<init>(WebDriverWait.java:45)
at com.carbonite.Browser.ProxyDriver.waitForElementToBeVisible(ProxyDriver.java:152)
at com.carbonite.Browser.ProxyDriver.findElement(ProxyDriver.java:63)
at org.openqa.selenium.support.ui.ExpectedConditions$7.apply(ExpectedConditions.java:205)
at org.openqa.selenium.support.ui.ExpectedConditions$7.apply(ExpectedConditions.java:201)
at org.openqa.selenium.support.ui.FluentWait.until(FluentWait.java:249)
at com.carbonite.Browser.ProxyDriver.waitForElementToBeVisible(ProxyDriver.java:153)
at com.carbonite.Browser.ProxyDriver.findElement(ProxyDriver.java:63)
at org.openqa.selenium.support.ui.ExpectedConditions$7.apply(ExpectedConditions.java:205)
at org.openqa.selenium.support.ui.ExpectedConditions$7.apply(ExpectedConditions.java:201)
at org.openqa.selenium.support.ui.FluentWait.until(FluentWait.java:249)
at com.carbonite.Browser.ProxyDriver.waitForElementToBeVisible(ProxyDriver.java:153)
at com.carbonite.Browser.ProxyDriver.findElement(ProxyDriver.java:63)
at org.openqa.selenium.support.ui.ExpectedConditions$7.apply(ExpectedConditions.java:205)
at org.openqa.selenium.support.ui.ExpectedConditions$7.apply(ExpectedConditions.java:201)
at org.openqa.selenium.support.ui.FluentWait.until(FluentWait.java:249)
at com.carbonite.Browser.ProxyDriver.waitForElementToBeVisible(ProxyDriver.java:153)
at com.carbonite.Browser.ProxyDriver.findElement(ProxyDriver.java:63)
at org.openqa.selenium.support.ui.ExpectedConditions$7.apply(ExpectedConditions.java:205)
at org.openqa.selenium.support.ui.ExpectedConditions$7.apply(ExpectedConditions.java:201)
at org.openqa.selenium.support.ui.FluentWait.until(FluentWait.java:249)
at com.carbonite.Browser.ProxyDriver.waitForElementToBeVisible(ProxyDriver.java:153)
at com.carbonite.Browser.ProxyDriver.findElement(ProxyDriver.java:63)
at org.openqa.selenium.support.ui.ExpectedConditions$7.apply(ExpectedConditions.java:205)
at org.openqa.selenium.support.ui.ExpectedConditions$7.apply(ExpectedConditions.java:201)
at org.openqa.selenium.support.ui.FluentWait.until(FluentWait.java:249)
at com.carbonite.Browser.ProxyDriver.waitForElementToBeVisible(ProxyDriver.java:153)
at com.carbonite.Browser.ProxyDriver.findElement(ProxyDriver.java:63)
at org.openqa.selenium.support.ui.ExpectedConditions$7.apply(ExpectedConditions.java:205)
at org.openqa.selenium.support.ui.ExpectedConditions$7.apply(ExpectedConditions.java:201)
at org.openqa.selenium.support.ui.FluentWait.until(FluentWait.java:249)
at com.carbonite.Browser.ProxyDriver.waitForElementToBeVisible(ProxyDriver.java:153)
at com.carbonite.Browser.ProxyDriver.findElement(ProxyDriver.java:63)
at org.openqa.selenium.support.ui.ExpectedConditions$7.apply(ExpectedConditions.java:205)
at org.openqa.selenium.support.ui.ExpectedConditions$7.apply(ExpectedConditions.java:201)
at org.openqa.selenium.support.ui.FluentWait.until(FluentWait.java:249)
at com.carbonite.Browser.ProxyDriver.waitForElementToBeVisible(ProxyDriver.java:153)
at com.carbonite.Browser.ProxyDriver.findElement(ProxyDriver.java:63)
at org.openqa.selenium.support.ui.ExpectedConditions$7.apply(ExpectedConditions.java:205)
at org.openqa.selenium.support.ui.ExpectedConditions$7.apply(ExpectedConditions.java:201)
at org.openqa.selenium.support.ui.FluentWait.until(FluentWait.java:249)
at com.carbonite.Browser.ProxyDriver.waitForElementToBeVisible(ProxyDriver.java:153)
at com.carbonite.Browser.ProxyDriver.findElement(ProxyDriver.java:63)
at org.openqa.selenium.support.ui.ExpectedConditions$7.apply(ExpectedConditions.java:205)
at org.openqa.selenium.support.ui.ExpectedConditions$7.apply(ExpectedConditions.java:201)
at org.openqa.selenium.support.ui.FluentWait.until(FluentWait.java:249)
at com.carbonite.Browser.ProxyDriver.waitForElementToBeVisible(ProxyDriver.java:153)
at com.carbonite.Browser.ProxyDriver.findElement(ProxyDriver.java:63)
at org.openqa.selenium.support.ui.ExpectedConditions$7.apply(ExpectedConditions.java:205)
at org.openqa.selenium.support.ui.ExpectedConditions$7.apply(ExpectedConditions.java:201)
at org.openqa.selenium.support.ui.FluentWait.until(FluentWait.java:249)
at com.carbonite.Browser.ProxyDriver.waitForElementToBeVisible(ProxyDriver.java:153)
at com.carbonite.Browser.ProxyDriver.findElement(ProxyDriver.java:63)
at org.openqa.selenium.support.ui.ExpectedConditions$7.apply(ExpectedConditions.java:205)
at org.openqa.selenium.support.ui.ExpectedConditions$7.apply(ExpectedConditions.java:201)
at org.openqa.selenium.support.ui.FluentWait.until(FluentWait.java:249)
at com.carbonite.Browser.ProxyDriver.waitForElementToBeVisible(ProxyDriver.java:153)
at com.carbonite.Browser.ProxyDriver.findElement(ProxyDriver.java:63)
at org.openqa.selenium.support.ui.ExpectedConditions$7.apply(ExpectedConditions.java:205)
at org.openqa.selenium.support.ui.ExpectedConditions$7.apply(ExpectedConditions.java:201)
at org.openqa.selenium.support.ui.FluentWait.until(FluentWait.java:249)
at com.carbonite.Browser.ProxyDriver.waitForElementToBeVisible(ProxyDriver.java:153)
at com.carbonite.Browser.ProxyDriver.findElement(ProxyDriver.java:63)
at org.openqa.selenium.support.ui.ExpectedConditions$7.apply(ExpectedConditions.java:205)
at org.openqa.selenium.support.ui.ExpectedConditions$7.apply(ExpectedConditions.java:201)
at org.openqa.selenium.support.ui.FluentWait.until(FluentWait.java:249)
at com.carbonite.Browser.ProxyDriver.waitForElementToBeVisible(ProxyDriver.java:153)
at com.carbonite.Browser.ProxyDriver.findElement(ProxyDriver.java:63)
at org.openqa.selenium.support.ui.ExpectedConditions$7.apply(ExpectedConditions.java:205)
at org.openqa.selenium.support.ui.ExpectedConditions$7.apply(ExpectedConditions.java:201)
at org.openqa.selenium.support.ui.FluentWait.until(FluentWait.java:249)
at com.carbonite.Browser.ProxyDriver.waitForElementToBeVisible(ProxyDriver.java:153)
at com.carbonite.Browser.ProxyDriver.findElement(ProxyDriver.java:63)
at org.openqa.selenium.support.ui.ExpectedConditions$7.apply(ExpectedConditions.java:205)
at org.openqa.selenium.support.ui.ExpectedConditions$7.apply(ExpectedConditions.java:201)
at org.openqa.selenium.support.ui.FluentWait.until(FluentWait.java:249)
at com.carbonite.Browser.ProxyDriver.waitForElementToBeVisible(ProxyDriver.java:153)
at com.carbonite.Browser.ProxyDriver.findElement(ProxyDriver.java:63)
at org.openqa.selenium.support.ui.ExpectedConditions$7.apply(ExpectedConditions.java:205)
at org.openqa.selenium.support.ui.ExpectedConditions$7.apply(ExpectedConditions.java:201)
at org.openqa.selenium.support.ui.FluentWait.until(FluentWait.java:249)
at com.carbonite.Browser.ProxyDriver.waitForElementToBeVisible(ProxyDriver.java:153)
at com.carbonite.Browser.ProxyDriver.findElement(ProxyDriver.java:63)
at org.openqa.selenium.support.ui.ExpectedConditions$7.apply(ExpectedConditions.java:205)
at org.openqa.selenium.support.ui.ExpectedConditions$7.apply(ExpectedConditions.java:201)
at org.openqa.selenium.support.ui.FluentWait.until(FluentWait.java:249)
at com.carbonite.Browser.ProxyDriver.waitForElementToBeVisible(ProxyDriver.java:153)
at com.carbonite.Browser.ProxyDriver.findElement(ProxyDriver.java:63)
at org.openqa.selenium.support.ui.ExpectedConditions$7.apply(ExpectedConditions.java:205)
at org.openqa.selenium.support.ui.ExpectedConditions$7.apply(ExpectedConditions.java:201)
at org.openqa.selenium.support.ui.FluentWait.until(FluentWait.java:249)
at com.carbonite.Browser.ProxyDriver.waitForElementToBeVisible(ProxyDriver.java:153)
at com.carbonite.Browser.ProxyDriver.findElement(ProxyDriver.java:63)
at org.openqa.selenium.support.ui.ExpectedConditions$7.apply(ExpectedConditions.java:205)
at org.openqa.selenium.support.ui.ExpectedConditions$7.apply(ExpectedConditions.java:201)
at org.openqa.selenium.support.ui.FluentWait.until(FluentWait.java:249)
at com.carbonite.Browser.ProxyDriver.waitForElementToBeVisible(ProxyDriver.java:153)
at com.carbonite.Browser.ProxyDriver.findElement(ProxyDriver.java:63)
at org.openqa.selenium.support.ui.ExpectedConditions$7.apply(ExpectedConditions.java:205)
at org.openqa.selenium.support.ui.ExpectedConditions$7.apply(ExpectedConditions.java:201)
at org.openqa.selenium.support.ui.FluentWait.until(FluentWait.java:249)
at com.carbonite.Browser.ProxyDriver.waitForElementToBeVisible(ProxyDriver.java:153)
at com.carbonite.Browser.ProxyDriver.findElement(ProxyDriver.java:63)
at org.openqa.selenium.support.ui.ExpectedConditions$7.apply(ExpectedConditions.java:205)
at org.openqa.selenium.support.ui.ExpectedConditions$7.apply(ExpectedConditions.java:201)
at org.openqa.selenium.support.ui.FluentWait.until(FluentWait.java:249)
at com.carbonite.Browser.ProxyDriver.waitForElementToBeVisible(ProxyDriver.java:153)
at com.carbonite.Browser.ProxyDriver.findElement(ProxyDriver.java:63)
at org.openqa.selenium.support.ui.ExpectedConditions$7.apply(ExpectedConditions.java:205)
at org.openqa.selenium.support.ui.ExpectedConditions$7.apply(ExpectedConditions.java:201)
at org.openqa.selenium.support.ui.FluentWait.until(FluentWait.java:249)
at com.carbonite.Browser.ProxyDriver.waitForElementToBeVisible(ProxyDriver.java:153)
at com.carbonite.Browser.ProxyDriver.findElement(ProxyDriver.java:63)
at org.openqa.selenium.support.ui.ExpectedConditions$7.apply(ExpectedConditions.java:205)
at org.openqa.selenium.support.ui.ExpectedConditions$7.apply(ExpectedConditions.java:201)
at org.openqa.selenium.support.ui.FluentWait.until(FluentWait.java:249)
at com.carbonite.Browser.ProxyDriver.waitForElementToBeVisible(ProxyDriver.java:153)
at com.carbonite.Browser.ProxyDriver.findElement(ProxyDriver.java:63)
at org.openqa.selenium.support.ui.ExpectedConditions$7.apply(ExpectedConditions.java:205)
at org.openqa.selenium.support.ui.ExpectedConditions$7.apply(ExpectedConditions.java:201)
at org.openqa.selenium.support.ui.FluentWait.until(FluentWait.java:249)
at com.carbonite.Browser.ProxyDriver.waitForElementToBeVisible(ProxyDriver.java:153)
at com.carbonite.Browser.ProxyDriver.findElement(ProxyDriver.java:63)
at org.openqa.selenium.support.ui.ExpectedConditions$7.apply(ExpectedConditions.java:205)
at org.openqa.selenium.support.ui.ExpectedConditions$7.apply(ExpectedConditions.java:201)
at org.openqa.selenium.support.ui.FluentWait.until(FluentWait.java:249)
at com.carbonite.Browser.ProxyDriver.waitForElementToBeVisible(ProxyDriver.java:153)
at com.carbonite.Browser.ProxyDriver.findElement(ProxyDriver.java:63)
at org.openqa.selenium.support.ui.ExpectedConditions$7.apply(ExpectedConditions.java:205)
at org.openqa.selenium.support.ui.ExpectedConditions$7.apply(ExpectedConditions.java:201)
at org.openqa.selenium.support.ui.FluentWait.until(FluentWait.java:249)
at com.carbonite.Browser.ProxyDriver.waitForElementToBeVisible(ProxyDriver.java:153)
at com.carbonite.Browser.ProxyDriver.findElement(ProxyDriver.java:63)
at org.openqa.selenium.support.ui.ExpectedConditions$7.apply(ExpectedConditions.java:205)
at org.openqa.selenium.support.ui.ExpectedConditions$7.apply(ExpectedConditions.java:201)
at org.openqa.selenium.support.ui.FluentWait.until(FluentWait.java:249)
at com.carbonite.Browser.ProxyDriver.waitForElementToBeVisible(ProxyDriver.java:153)
at com.carbonite.Browser.ProxyDriver.findElement(ProxyDriver.java:63)
at org.openqa.selenium.support.ui.ExpectedConditions$7.apply(ExpectedConditions.java:205)
at org.openqa.selenium.support.ui.ExpectedConditions$7.apply(ExpectedConditions.java:201)
at org.openqa.selenium.support.ui.FluentWait.until(FluentWait.java:249)
at com.carbonite.Browser.ProxyDriver.waitForElementToBeVisible(ProxyDriver.java:153)
at com.carbonite.Browser.ProxyDriver.findElement(ProxyDriver.java:63)
at org.openqa.selenium.support.ui.ExpectedConditions$7.apply(ExpectedConditions.java:205)
at org.openqa.selenium.support.ui.ExpectedConditions$7.apply(ExpectedConditions.java:201)
at org.openqa.selenium.support.ui.FluentWait.until(FluentWait.java:249)
at com.carbonite.Browser.ProxyDriver.waitForElementToBeVisible(ProxyDriver.java:153)
at com.carbonite.Browser.ProxyDriver.findElement(ProxyDriver.java:63)
at org.openqa.selenium.support.ui.ExpectedConditions$7.apply(ExpectedConditions.java:205)
at org.openqa.selenium.support.ui.ExpectedConditions$7.apply(ExpectedConditions.java:201)
at org.openqa.selenium.support.ui.FluentWait.until(FluentWait.java:249)
at com.carbonite.Browser.ProxyDriver.waitForElementToBeVisible(ProxyDriver.java:153)
at com.carbonite.Browser.ProxyDriver.findElement(ProxyDriver.java:63)
at org.openqa.selenium.support.ui.ExpectedConditions$7.apply(ExpectedConditions.java:205)
at org.openqa.selenium.support.ui.ExpectedConditions$7.apply(ExpectedConditions.java:201)
at org.openqa.selenium.support.ui.FluentWait.until(FluentWait.java:249)
at com.carbonite.Browser.ProxyDriver.waitForElementToBeVisible(ProxyDriver.java:153)
at com.carbonite.Browser.ProxyDriver.findElement(ProxyDriver.java:63)
at org.openqa.selenium.support.ui.ExpectedConditions$7.apply(ExpectedConditions.java:205)
at org.openqa.selenium.support.ui.ExpectedConditions$7.apply(ExpectedConditions.java:201)
at org.openqa.selenium.support.ui.FluentWait.until(FluentWait.java:249)
at com.carbonite.Browser.ProxyDriver.waitForElementToBeVisible(ProxyDriver.java:153)
at com.carbonite.Browser.ProxyDriver.findElement(ProxyDriver.java:63)
at org.openqa.selenium.support.ui.ExpectedConditions$7.apply(ExpectedConditions.java:205)
at org.openqa.selenium.support.ui.ExpectedConditions$7.apply(ExpectedConditions.java:201)
at org.openqa.selenium.support.ui.FluentWait.until(FluentWait.java:249)
at com.carbonite.Browser.ProxyDriver.waitForElementToBeVisible(ProxyDriver.java:153)
at com.carbonite.Browser.ProxyDriver.findElement(ProxyDriver.java:63)
at org.openqa.selenium.support.ui.ExpectedConditions$7.apply(ExpectedConditions.java:205)
at org.openqa.selenium.support.ui.ExpectedConditions$7.apply(ExpectedConditions.java:201)
at org.openqa.selenium.support.ui.FluentWait.until(FluentWait.java:249)
at com.carbonite.Browser.ProxyDriver.waitForElementToBeVisible(ProxyDriver.java:153)
at com.carbonite.Browser.ProxyDriver.findElement(ProxyDriver.java:63)
at org.openqa.selenium.support.ui.ExpectedConditions$7.apply(ExpectedConditions.java:205)
at org.openqa.selenium.support.ui.ExpectedConditions$7.apply(ExpectedConditions.java:201)
at org.openqa.selenium.support.ui.FluentWait.until(FluentWait.java:249)
at com.carbonite.Browser.ProxyDriver.waitForElementToBeVisible(ProxyDriver.java:153)
at com.carbonite.Browser.ProxyDriver.findElement(ProxyDriver.java:63)
at org.openqa.selenium.support.ui.ExpectedConditions$7.apply(ExpectedConditions.java:205)
at org.openqa.selenium.support.ui.ExpectedConditions$7.apply(ExpectedConditions.java:201)
at org.openqa.selenium.support.ui.FluentWait.until(FluentWait.java:249)
at com.carbonite.Browser.ProxyDriver.waitForElementToBeVisible(ProxyDriver.java:153)
at com.carbonite.Browser.ProxyDriver.findElement(ProxyDriver.java:63)
at org.openqa.selenium.support.ui.ExpectedConditions$7.apply(ExpectedConditions.java:205)
at org.openqa.selenium.support.ui.ExpectedConditions$7.apply(ExpectedConditions.java:201)
at org.openqa.selenium.support.ui.FluentWait.until(FluentWait.java:249)
at com.carbonite.Browser.ProxyDriver.waitForElementToBeVisible(ProxyDriver.java:153)
at com.carbonite.Browser.ProxyDriver.findElement(ProxyDriver.java:63)
at org.openqa.selenium.support.ui.ExpectedConditions$7.apply(ExpectedConditions.java:205)
at org.openqa.selenium.support.ui.ExpectedConditions$7.apply(ExpectedConditions.java:201)
at org.openqa.selenium.support.ui.FluentWait.until(FluentWait.java:249)
at com.carbonite.Browser.ProxyDriver.waitForElementToBeVisible(ProxyDriver.java:153)
at com.carbonite.Browser.ProxyDriver.findElement(ProxyDriver.java:63)
at org.openqa.selenium.support.ui.ExpectedConditions$7.apply(ExpectedConditions.java:205)
at org.openqa.selenium.support.ui.ExpectedConditions$7.apply(ExpectedConditions.java:201)
at org.openqa.selenium.support.ui.FluentWait.until(FluentWait.java:249)
at com.carbonite.Browser.ProxyDriver.waitForElementToBeVisible(ProxyDriver.java:153)
at com.carbonite.Browser.ProxyDriver.findElement(ProxyDriver.java:63)
at org.openqa.selenium.support.ui.ExpectedConditions$7.apply(ExpectedConditions.java:205)
at org.openqa.selenium.support.ui.ExpectedConditions$7.apply(ExpectedConditions.java:201)
at org.openqa.selenium.support.ui.FluentWait.until(FluentWait.java:249)
at com.carbonite.Browser.ProxyDriver.waitForElementToBeVisible(ProxyDriver.java:153)
at com.carbonite.Browser.ProxyDriver.findElement(ProxyDriver.java:63)
at org.openqa.selenium.support.ui.ExpectedConditions$7.apply(ExpectedConditions.java:205)
at org.openqa.selenium.support.ui.ExpectedConditions$7.apply(ExpectedConditions.java:201)
at org.openqa.selenium.support.ui.FluentWait.until(FluentWait.java:249)
at com.carbonite.Browser.ProxyDriver.waitForElementToBeVisible(ProxyDriver.java:153)
at com.carbonite.Browser.ProxyDriver.findElement(ProxyDriver.java:63)
at org.openqa.selenium.support.ui.ExpectedConditions$7.apply(ExpectedConditions.java:205)
at org.openqa.selenium.support.ui.ExpectedConditions$7.apply(ExpectedConditions.java:201)
at org.openqa.selenium.support.ui.FluentWait.until(FluentWait.java:249)
at com.carbonite.Browser.ProxyDriver.waitForElementToBeVisible(ProxyDriver.java:153)
at com.carbonite.Browser.ProxyDriver.findElement(ProxyDriver.java:63)
at org.openqa.selenium.support.ui.ExpectedConditions$7.apply(ExpectedConditions.java:205)
at org.openqa.selenium.support.ui.ExpectedConditions$7.apply(ExpectedConditions.java:201)
at org.openqa.selenium.support.ui.FluentWait.until(FluentWait.java:249)
at com.carbonite.Browser.ProxyDriver.waitForElementToBeVisible(ProxyDriver.java:153)
at com.carbonite.Browser.ProxyDriver.findElement(ProxyDriver.java:63)
at org.openqa.selenium.support.ui.ExpectedConditions$7.apply(ExpectedConditions.java:205)
at org.openqa.selenium.support.ui.ExpectedConditions$7.apply(ExpectedConditions.java:201)
at org.openqa.selenium.support.ui.FluentWait.until(FluentWait.java:249)
at com.carbonite.Browser.ProxyDriver.waitForElementToBeVisible(ProxyDriver.java:153)
at com.carbonite.Browser.ProxyDriver.findElement(ProxyDriver.java:63)
at org.openqa.selenium.support.ui.ExpectedConditions$7.apply(ExpectedConditions.java:205)
at org.openqa.selenium.support.ui.ExpectedConditions$7.apply(ExpectedConditions.java:201)
at org.openqa.selenium.support.ui.FluentWait.until(FluentWait.java:249)
at com.carbonite.Browser.ProxyDriver.waitForElementToBeVisible(ProxyDriver.java:153)
at com.carbonite.Browser.ProxyDriver.findElement(ProxyDriver.java:63)
at org.openqa.selenium.support.ui.ExpectedConditions$7.apply(ExpectedConditions.java:205)
at org.openqa.selenium.support.ui.ExpectedConditions$7.apply(ExpectedConditions.java:201)
at org.openqa.selenium.support.ui.FluentWait.until(FluentWait.java:249)
at com.carbonite.Browser.ProxyDriver.waitForElementToBeVisible(ProxyDriver.java:153)
at com.carbonite.Browser.ProxyDriver.findElement(ProxyDriver.java:63)
at org.openqa.selenium.support.ui.ExpectedConditions$7.apply(ExpectedConditions.java:205)
at org.openqa.selenium.support.ui.ExpectedConditions$7.apply(ExpectedConditions.java:201)
at org.openqa.selenium.support.ui.FluentWait.until(FluentWait.java:249)
at com.carbonite.Browser.ProxyDriver.waitForElementToBeVisible(ProxyDriver.java:153)
at com.carbonite.Browser.ProxyDriver.findElement(ProxyDriver.java:63)
at org.openqa.selenium.support.ui.ExpectedConditions$7.apply(ExpectedConditions.java:205)
at org.openqa.selenium.support.ui.ExpectedConditions$7.apply(ExpectedConditions.java:201)
at org.openqa.selenium.support.ui.FluentWait.until(FluentWait.java:249)
at com.carbonite.Browser.ProxyDriver.waitForElementToBeVisible(ProxyDriver.java:153)
at com.carbonite.Browser.ProxyDriver.findElement(ProxyDriver.java:63)
at org.openqa.selenium.support.ui.ExpectedConditions$7.apply(ExpectedConditions.java:205)
at org.openqa.selenium.support.ui.ExpectedConditions$7.apply(ExpectedConditions.java:201)
at org.openqa.selenium.support.ui.FluentWait.until(FluentWait.java:249)
at com.carbonite.Browser.ProxyDriver.waitForElementToBeVisible(ProxyDriver.java:153)
at com.carbonite.Browser.ProxyDriver.findElement(ProxyDriver.java:63)
at org.openqa.selenium.support.ui.ExpectedConditions$7.apply(ExpectedConditions.java:205)
at org.openqa.selenium.support.ui.ExpectedConditions$7.apply(ExpectedConditions.java:201)
at org.openqa.selenium.support.ui.FluentWait.until(FluentWait.java:249)
at com.carbonite.Browser.ProxyDriver.waitForElementToBeVisible(ProxyDriver.java:153)
at com.carbonite.Browser.ProxyDriver.findElement(ProxyDriver.java:63)
at org.openqa.selenium.support.ui.ExpectedConditions$7.apply(ExpectedConditions.java:205)
at org.openqa.selenium.support.ui.ExpectedConditions$7.apply(ExpectedConditions.java:201)
at org.openqa.selenium.support.ui.FluentWait.until(FluentWait.java:249)
at com.carbonite.Browser.ProxyDriver.waitForElementToBeVisible(ProxyDriver.java:153)
at com.carbonite.Browser.ProxyDriver.findElement(ProxyDriver.java:63)
at org.openqa.selenium.support.ui.ExpectedConditions$7.apply(ExpectedConditions.java:205)
at org.openqa.selenium.support.ui.ExpectedConditions$7.apply(ExpectedConditions.java:201)
at org.openqa.selenium.support.ui.FluentWait.until(FluentWait.java:249)
at com.carbonite.Browser.ProxyDriver.waitForElementToBeVisible(ProxyDriver.java:153)
at com.carbonite.Browser.ProxyDriver.findElement(ProxyDriver.java:63)
at org.openqa.selenium.support.ui.ExpectedConditions$7.apply(ExpectedConditions.java:205)
at org.openqa.selenium.support.ui.ExpectedConditions$7.apply(ExpectedConditions.java:201)
at org.openqa.selenium.support.ui.FluentWait.until(FluentWait.java:249)
at com.carbonite.Browser.ProxyDriver.waitForElementToBeVisible(ProxyDriver.java:153)
at com.carbonite.Browser.ProxyDriver.findElement(ProxyDriver.java:63)
at org.openqa.selenium.support.ui.ExpectedConditions$7.apply(ExpectedConditions.java:205)
at org.openqa.selenium.support.ui.ExpectedConditions$7.apply(ExpectedConditions.java:201)
at org.openqa.selenium.support.ui.FluentWait.until(FluentWait.java:249)
at com.carbonite.Browser.ProxyDriver.waitForElementToBeVisible(ProxyDriver.java:153)
at com.carbonite.Browser.ProxyDriver.findElement(ProxyDriver.java:63)
at org.openqa.selenium.support.ui.ExpectedConditions$7.apply(ExpectedConditions.java:205)
at org.openqa.selenium.support.ui.ExpectedConditions$7.apply(ExpectedConditions.java:201)
at org.openqa.selenium.support.ui.FluentWait.until(FluentWait.java:249)
at com.carbonite.Browser.ProxyDriver.waitForElementToBeVisible(ProxyDriver.java:153)
at com.carbonite.Browser.ProxyDriver.findElement(ProxyDriver.java:63)
at org.openqa.selenium.support.ui.ExpectedConditions$7.apply(ExpectedConditions.java:205)
at org.openqa.selenium.support.ui.ExpectedConditions$7.apply(ExpectedConditions.java:201)
at org.openqa.selenium.support.ui.FluentWait.until(FluentWait.java:249)
at com.carbonite.Browser.ProxyDriver.waitForElementToBeVisible(ProxyDriver.java:153)
at com.carbonite.Browser.ProxyDriver.findElement(ProxyDriver.java:63)
at org.openqa.selenium.support.ui.ExpectedConditions$7.apply(ExpectedConditions.java:205)
at org.openqa.selenium.support.ui.ExpectedConditions$7.apply(ExpectedConditions.java:201)
at org.openqa.selenium.support.ui.FluentWait.until(FluentWait.java:249)
at com.carbonite.Browser.ProxyDriver.waitForElementToBeVisible(ProxyDriver.java:153)
at com.carbonite.Browser.ProxyDriver.findElement(ProxyDriver.java:63)
at org.openqa.selenium.support.ui.ExpectedConditions$7.apply(ExpectedConditions.java:205)
at org.openqa.selenium.support.ui.ExpectedConditions$7.apply(ExpectedConditions.java:201)
at org.openqa.selenium.support.ui.FluentWait.until(FluentWait.java:249)
at com.carbonite.Browser.ProxyDriver.waitForElementToBeVisible(ProxyDriver.java:153)
at com.carbonite.Browser.ProxyDriver.findElement(ProxyDriver.java:63)
at org.openqa.selenium.support.ui.ExpectedConditions$7.apply(ExpectedConditions.java:205)
at org.openqa.selenium.support.ui.ExpectedConditions$7.apply(ExpectedConditions.java:201)
at org.openqa.selenium.support.ui.FluentWait.until(FluentWait.java:249)
at com.carbonite.Browser.ProxyDriver.waitForElementToBeVisible(ProxyDriver.java:153)
at com.carbonite.Browser.ProxyDriver.findElement(ProxyDriver.java:63)
at org.openqa.selenium.support.ui.ExpectedConditions$7.apply(ExpectedConditions.java:205)
at org.openqa.selenium.support.ui.ExpectedConditions$7.apply(ExpectedConditions.java:201)
at org.openqa.selenium.support.ui.FluentWait.until(FluentWait.java:249)
at com.carbonite.Browser.ProxyDriver.waitForElementToBeVisible(ProxyDriver.java:153)
at com.carbonite.Browser.ProxyDriver.findElement(ProxyDriver.java:63)
at org.openqa.selenium.support.ui.ExpectedConditions$7.apply(ExpectedConditions.java:205)
at org.openqa.selenium.support.ui.ExpectedConditions$7.apply(ExpectedConditions.java:201)
at org.openqa.selenium.support.ui.FluentWait.until(FluentWait.java:249)
at com.carbonite.Browser.ProxyDriver.waitForElementToBeVisible(ProxyDriver.java:153)
at com.carbonite.Browser.ProxyDriver.findElement(ProxyDriver.java:63)
at org.openqa.selenium.support.ui.ExpectedConditions$7.apply(ExpectedConditions.java:205)
at org.openqa.selenium.support.ui.ExpectedConditions$7.apply(ExpectedConditions.java:201)
at org.openqa.selenium.support.ui.FluentWait.until(FluentWait.java:249)
at com.carbonite.Browser.ProxyDriver.waitForElementToBeVisible(ProxyDriver.java:153)
at com.carbonite.Browser.ProxyDriver.findElement(ProxyDriver.java:63)
at org.openqa.selenium.support.ui.ExpectedConditions$7.apply(ExpectedConditions.java:205)
at org.openqa.selenium.support.ui.ExpectedConditions$7.apply(ExpectedConditions.java:201)
at org.openqa.selenium.support.ui.FluentWait.until(FluentWait.java:249)
at com.carbonite.Browser.ProxyDriver.waitForElementToBeVisible(ProxyDriver.java:153)
at com.carbonite.Browser.ProxyDriver.findElement(ProxyDriver.java:63)
at org.openqa.selenium.support.ui.ExpectedConditions$7.apply(ExpectedConditions.java:205)
at org.openqa.selenium.support.ui.ExpectedConditions$7.apply(ExpectedConditions.java:201)
at org.openqa.selenium.support.ui.FluentWait.until(FluentWait.java:249)
at com.carbonite.Browser.ProxyDriver.waitForElementToBeVisible(ProxyDriver.java:153)
at com.carbonite.Browser.ProxyDriver.findElement(ProxyDriver.java:63)
at org.openqa.selenium.support.ui.ExpectedConditions$7.apply(ExpectedConditions.java:205)
at org.openqa.selenium.support.ui.ExpectedConditions$7.apply(ExpectedConditions.java:201)
at org.openqa.selenium.support.ui.FluentWait.until(FluentWait.java:249)
at com.carbonite.Browser.ProxyDriver.waitForElementToBeVisible(ProxyDriver.java:153)
at com.carbonite.Browser.ProxyDriver.findElement(ProxyDriver.java:63)
at org.openqa.selenium.support.ui.ExpectedConditions$7.apply(ExpectedConditions.java:205)
at org.openqa.selenium.support.ui.ExpectedConditions$7.apply(ExpectedConditions.java:201)
at org.openqa.selenium.support.ui.FluentWait.until(FluentWait.java:249)
at com.carbonite.Browser.ProxyDriver.waitForElementToBeVisible(ProxyDriver.java:153)
at com.carbonite.Browser.ProxyDriver.findElement(ProxyDriver.java:63)
at org.openqa.selenium.support.ui.ExpectedConditions$7.apply(ExpectedConditions.java:205)
at org.openqa.selenium.support.ui.ExpectedConditions$7.apply(ExpectedConditions.java:201)
at org.openqa.selenium.support.ui.FluentWait.until(FluentWait.java:249)
at com.carbonite.Browser.ProxyDriver.waitForElementToBeVisible(ProxyDriver.java:153)
at com.carbonite.Browser.ProxyDriver.findElement(ProxyDriver.java:63)
at org.openqa.selenium.support.ui.ExpectedConditions$7.apply(ExpectedConditions.java:205)
at org.openqa.selenium.support.ui.ExpectedConditions$7.apply(ExpectedConditions.java:201)
at org.openqa.selenium.support.ui.FluentWait.until(FluentWait.java:249)
at com.carbonite.Browser.ProxyDriver.waitForElementToBeVisible(ProxyDriver.java:153)
at com.carbonite.Browser.ProxyDriver.findElement(ProxyDriver.java:63)
at org.openqa.selenium.support.ui.ExpectedConditions$7.apply(ExpectedConditions.java:205)
at org.openqa.selenium.support.ui.ExpectedConditions$7.apply(ExpectedConditions.java:201)
at org.openqa.selenium.support.ui.FluentWait.until(FluentWait.java:249)
at com.carbonite.Browser.ProxyDriver.waitForElementToBeVisible(ProxyDriver.java:153)
at com.carbonite.Browser.ProxyDriver.findElement(ProxyDriver.java:63)
at org.openqa.selenium.support.ui.ExpectedConditions$7.apply(ExpectedConditions.java:205)
at org.openqa.selenium.support.ui.ExpectedConditions$7.apply(ExpectedConditions.java:201)
at org.openqa.selenium.support.ui.FluentWait.until(FluentWait.java:249)
at com.carbonite.Browser.ProxyDriver.waitForElementToBeVisible(ProxyDriver.java:153)
at com.carbonite.Browser.ProxyDriver.findElement(ProxyDriver.java:63)
at org.openqa.selenium.support.ui.ExpectedConditions$7.apply(ExpectedConditions.java:205)
at org.openqa.selenium.support.ui.ExpectedConditions$7.apply(ExpectedConditions.java:201)
at org.openqa.selenium.support.ui.FluentWait.until(FluentWait.java:249)
at com.carbonite.Browser.ProxyDriver.waitForElementToBeVisible(ProxyDriver.java:153)
at com.carbonite.Browser.ProxyDriver.findElement(ProxyDriver.java:63)
at org.openqa.selenium.support.ui.ExpectedConditions$7.apply(ExpectedConditions.java:205)
at org.openqa.selenium.support.ui.ExpectedConditions$7.apply(ExpectedConditions.java:201)
at org.openqa.selenium.support.ui.FluentWait.until(FluentWait.java:249)
at com.carbonite.Browser.ProxyDriver.waitForElementToBeVisible(ProxyDriver.java:153)
at com.carbonite.Browser.ProxyDriver.findElement(ProxyDriver.java:63)
at org.openqa.selenium.support.ui.ExpectedConditions$7.apply(ExpectedConditions.java:205)
at org.openqa.selenium.support.ui.ExpectedConditions$7.apply(ExpectedConditions.java:201)
at org.openqa.selenium.support.ui.FluentWait.until(FluentWait.java:249)
at com.carbonite.Browser.ProxyDriver.waitForElementToBeVisible(ProxyDriver.java:153)
at com.carbonite.Browser.ProxyDriver.findElement(ProxyDriver.java:63)
at org.openqa.selenium.support.ui.ExpectedConditions$7.apply(ExpectedConditions.java:205)
at org.openqa.selenium.support.ui.ExpectedConditions$7.apply(ExpectedConditions.java:201)
at org.openqa.selenium.support.ui.FluentWait.until(FluentWait.java:249)
at com.carbonite.Browser.ProxyDriver.waitForElementToBeVisible(ProxyDriver.java:153)
at com.carbonite.Browser.ProxyDriver.findElement(ProxyDriver.java:63)
at org.openqa.selenium.support.ui.ExpectedConditions$7.apply(ExpectedConditions.java:205)
at org.openqa.selenium.support.ui.ExpectedConditions$7.apply(ExpectedConditions.java:201)
at org.openqa.selenium.support.ui.FluentWait.until(FluentWait.java:249)
at com.carbonite.Browser.ProxyDriver.waitForElementToBeVisible(ProxyDriver.java:153)
at com.carbonite.Browser.ProxyDriver.findElement(ProxyDriver.java:63)
at org.openqa.selenium.support.ui.ExpectedConditions$7.apply(ExpectedConditions.java:205)
at org.openqa.selenium.support.ui.ExpectedConditions$7.apply(ExpectedConditions.java:201)
at org.openqa.selenium.support.ui.FluentWait.until(FluentWait.java:249)
at com.carbonite.Browser.ProxyDriver.waitForElementToBeVisible(ProxyDriver.java:153)
at com.carbonite.Browser.ProxyDriver.findElement(ProxyDriver.java:63)
at org.openqa.selenium.support.ui.ExpectedConditions$7.apply(ExpectedConditions.java:205)
at org.openqa.selenium.support.ui.ExpectedConditions$7.apply(ExpectedConditions.java:201)
at org.openqa.selenium.support.ui.FluentWait.until(FluentWait.java:249)
at com.carbonite.Browser.ProxyDriver.waitForElementToBeVisible(ProxyDriver.java:153)
at com.carbonite.Browser.ProxyDriver.findElement(ProxyDriver.java:63)
at org.openqa.selenium.support.ui.ExpectedConditions$7.apply(ExpectedConditions.java:205)
at org.openqa.selenium.support.ui.ExpectedConditions$7.apply(ExpectedConditions.java:201)
at org.openqa.selenium.support.ui.FluentWait.until(FluentWait.java:249)
at com.carbonite.Browser.ProxyDriver.waitForElementToBeVisible(ProxyDriver.java:153)
at com.carbonite.Browser.ProxyDriver.findElement(ProxyDriver.java:63)
at org.openqa.selenium.support.ui.ExpectedConditions$7.apply(ExpectedConditions.java:205)
at org.openqa.selenium.support.ui.ExpectedConditions$7.apply(ExpectedConditions.java:201)
at org.openqa.selenium.support.ui.FluentWait.until(FluentWait.java:249)
at com.carbonite.Browser.ProxyDriver.waitForElementToBeVisible(ProxyDriver.java:153)
at com.carbonite.Browser.ProxyDriver.findElement(ProxyDriver.java:63)
at org.openqa.selenium.support.ui.ExpectedConditions$7.apply(ExpectedConditions.java:205)
at org.openqa.selenium.support.ui.ExpectedConditions$7.apply(ExpectedConditions.java:201)
at org.openqa.selenium.support.ui.FluentWait.until(FluentWait.java:249)
at com.carbonite.Browser.ProxyDriver.waitForElementToBeVisible(ProxyDriver.java:153)
at com.carbonite.Browser.ProxyDriver.findElement(ProxyDriver.java:63)
at org.openqa.selenium.support.ui.ExpectedConditions$7.apply(ExpectedConditions.java:205)
at org.openqa.selenium.support.ui.ExpectedConditions$7.apply(ExpectedConditions.java:201)
at org.openqa.selenium.support.ui.FluentWait.until(FluentWait.java:249)
at com.carbonite.Browser.ProxyDriver.waitForElementToBeVisible(ProxyDriver.java:153)
at com.carbonite.Browser.ProxyDriver.findElement(ProxyDriver.java:63)
at org.openqa.selenium.support.ui.ExpectedConditions$7.apply(ExpectedConditions.java:205)
at org.openqa.selenium.support.ui.ExpectedConditions$7.apply(ExpectedConditions.java:201)
at org.openqa.selenium.support.ui.FluentWait.until(FluentWait.java:249)
at com.carbonite.Browser.ProxyDriver.waitForElementToBeVisible(ProxyDriver.java:153)
at com.carbonite.Browser.ProxyDriver.findElement(ProxyDriver.java:63)
at org.openqa.selenium.support.ui.ExpectedConditions$7.apply(ExpectedConditions.java:205)
at org.openqa.selenium.support.ui.ExpectedConditions$7.apply(ExpectedConditions.java:201)
at org.openqa.selenium.support.ui.FluentWait.until(FluentWait.java:249)
at com.carbonite.Browser.ProxyDriver.waitForElementToBeVisible(ProxyDriver.java:153)
at com.carbonite.Browser.ProxyDriver.findElement(ProxyDriver.java:63)
at org.openqa.selenium.support.ui.ExpectedConditions$7.apply(ExpectedConditions.java:205)
at org.openqa.selenium.support.ui.ExpectedConditions$7.apply(ExpectedConditions.java:201)
at org.openqa.selenium.support.ui.FluentWait.until(FluentWait.java:249)
at com.carbonite.Browser.ProxyDriver.waitForElementToBeVisible(ProxyDriver.java:153)
at com.carbonite.Browser.ProxyDriver.findElement(ProxyDriver.java:63)
at org.openqa.selenium.support.ui.ExpectedConditions$7.apply(ExpectedConditions.java:205)
at org.openqa.selenium.support.ui.ExpectedConditions$7.apply(ExpectedConditions.java:201)
at org.openqa.selenium.support.ui.FluentWait.until(FluentWait.java:249)
at com.carbonite.Browser.ProxyDriver.waitForElementToBeVisible(ProxyDriver.java:153)
at com.carbonite.Browser.ProxyDriver.findElement(ProxyDriver.java:63)
at org.openqa.selenium.support.ui.ExpectedConditions$7.apply(ExpectedConditions.java:205)
at org.openqa.selenium.support.ui.ExpectedConditions$7.apply(ExpectedConditions.java:201)
at org.openqa.selenium.support.ui.FluentWait.until(FluentWait.java:249)
at com.carbonite.Browser.ProxyDriver.waitForElementToBeVisible(ProxyDriver.java:153)
at com.carbonite.Browser.ProxyDriver.findElement(ProxyDriver.java:63)
at org.openqa.selenium.support.ui.ExpectedConditions$7.apply(ExpectedConditions.java:205)
at org.openqa.selenium.support.ui.ExpectedConditions$7.apply(ExpectedConditions.java:201)
at org.openqa.selenium.support.ui.FluentWait.until(FluentWait.java:249)
at com.carbonite.Browser.ProxyDriver.waitForElementToBeVisible(ProxyDriver.java:153)
at com.carbonite.Browser.ProxyDriver.findElement(ProxyDriver.java:63)
at org.openqa.selenium.support.ui.ExpectedConditions$7.apply(ExpectedConditions.java:205)
at org.openqa.selenium.support.ui.ExpectedConditions$7.apply(ExpectedConditions.java:201)
at org.openqa.selenium.support.ui.FluentWait.until(FluentWait.java:249)
at com.carbonite.Browser.ProxyDriver.waitForElementToBeVisible(ProxyDriver.java:153)
at com.carbonite.Browser.ProxyDriver.findElement(ProxyDriver.java:63)
at org.openqa.selenium.support.ui.ExpectedConditions$7.apply(ExpectedConditions.java:205)
at org.openqa.selenium.support.ui.ExpectedConditions$7.apply(ExpectedConditions.java:201)
at org.openqa.selenium.support.ui.FluentWait.until(FluentWait.java:249)
at com.carbonite.Browser.ProxyDriver.waitForElementToBeVisible(ProxyDriver.java:153)
at com.carbonite.Browser.ProxyDriver.findElement(ProxyDriver.java:63)
at org.openqa.selenium.support.ui.ExpectedConditions$7.apply(ExpectedConditions.java:205)
at org.openqa.selenium.support.ui.ExpectedConditions$7.apply(ExpectedConditions.java:201)
at org.openqa.selenium.support.ui.FluentWait.until(FluentWait.java:249)
at com.carbonite.Browser.ProxyDriver.waitForElementToBeVisible(ProxyDriver.java:153)
at com.carbonite.Browser.ProxyDriver.findElement(ProxyDriver.java:63)
at org.openqa.selenium.support.ui.ExpectedConditions$7.apply(ExpectedConditions.java:205)
at org.openqa.selenium.support.ui.ExpectedConditions$7.apply(ExpectedConditions.java:201)
at org.openqa.selenium.support.ui.FluentWait.until(FluentWait.java:249)
at com.carbonite.Browser.ProxyDriver.waitForElementToBeVisible(ProxyDriver.java:153)
at com.carbonite.Browser.ProxyDriver.findElement(ProxyDriver.java:63)
at org.openqa.selenium.support.ui.ExpectedConditions$7.apply(ExpectedConditions.java:205)
at org.openqa.selenium.support.ui.ExpectedConditions$7.apply(ExpectedConditions.java:201)
at org.openqa.selenium.support.ui.FluentWait.until(FluentWait.java:249)
at com.carbonite.Browser.ProxyDriver.waitForElementToBeVisible(ProxyDriver.java:153)
at com.carbonite.Browser.ProxyDriver.findElement(ProxyDriver.java:63)
at org.openqa.selenium.support.ui.ExpectedConditions$7.apply(ExpectedConditions.java:205)
at org.openqa.selenium.support.ui.ExpectedConditions$7.apply(ExpectedConditions.java:201)
at org.openqa.selenium.support.ui.FluentWait.until(FluentWait.java:249)
at com.carbonite.Browser.ProxyDriver.waitForElementToBeVisible(ProxyDriver.java:153)
at com.carbonite.Browser.ProxyDriver.findElement(ProxyDriver.java:63)
at org.openqa.selenium.support.ui.ExpectedConditions$7.apply(ExpectedConditions.java:205)
at org.openqa.selenium.support.ui.ExpectedConditions$7.apply(ExpectedConditions.java:201)
at org.openqa.selenium.support.ui.FluentWait.until(FluentWait.java:249)
at com.carbonite.Browser.ProxyDriver.waitForElementToBeVisible(ProxyDriver.java:153)
at com.carbonite.Browser.ProxyDriver.findElement(ProxyDriver.java:63)
at org.openqa.selenium.support.ui.ExpectedConditions$7.apply(ExpectedConditions.java:205)
at org.openqa.selenium.support.ui.ExpectedConditions$7.apply(ExpectedConditions.java:201)
at org.openqa.selenium.support.ui.FluentWait.until(FluentWait.java:249)
at com.carbonite.Browser.ProxyDriver.waitForElementToBeVisible(ProxyDriver.java:153)
at com.carbonite.Browser.ProxyDriver.findElement(ProxyDriver.java:63)
at org.openqa.selenium.support.ui.ExpectedConditions$7.apply(ExpectedConditions.java:205)
at org.openqa.selenium.support.ui.ExpectedConditions$7.apply(ExpectedConditions.java:201)
at org.openqa.selenium.support.ui.FluentWait.until(FluentWait.java:249)
at com.carbonite.Browser.ProxyDriver.waitForElementToBeVisible(ProxyDriver.java:153)
at com.carbonite.Browser.ProxyDriver.findElement(ProxyDriver.java:63)
at org.openqa.selenium.support.ui.ExpectedConditions$7.apply(ExpectedConditions.java:205)
at org.openqa.selenium.support.ui.ExpectedConditions$7.apply(ExpectedConditions.java:201)
at org.openqa.selenium.support.ui.FluentWait.until(FluentWait.java:249)
at com.carbonite.Browser.ProxyDriver.waitForElementToBeVisible(ProxyDriver.java:153)
at com.carbonite.Browser.ProxyDriver.findElement(ProxyDriver.java:63)
at org.openqa.selenium.support.ui.ExpectedConditions$7.apply(ExpectedConditions.java:205)
at org.openqa.selenium.support.ui.ExpectedConditions$7.apply(ExpectedConditions.java:201)
at org.openqa.selenium.support.ui.FluentWait.until(FluentWait.java:249)
at com.carbonite.Browser.ProxyDriver.waitForElementToBeVisible(ProxyDriver.java:153)
at com.carbonite.Browser.ProxyDriver.findElement(ProxyDriver.java:63)
at org.openqa.selenium.support.ui.ExpectedConditions$7.apply(ExpectedConditions.java:205)
at org.openqa.selenium.support.ui.ExpectedConditions$7.apply(ExpectedConditions.java:201)
at org.openqa.selenium.support.ui.FluentWait.until(FluentWait.java:249)
at com.carbonite.Browser.ProxyDriver.waitForElementToBeVisible(ProxyDriver.java:153)
at com.carbonite.Browser.ProxyDriver.findElement(ProxyDriver.java:63)
at org.openqa.selenium.support.ui.ExpectedConditions$7.apply(ExpectedConditions.java:205)
at org.openqa.selenium.support.ui.ExpectedConditions$7.apply(ExpectedConditions.java:201)
at org.openqa.selenium.support.ui.FluentWait.until(FluentWait.java:249)
at com.carbonite.Browser.ProxyDriver.waitForElementToBeVisible(ProxyDriver.java:153)
at com.carbonite.Browser.ProxyDriver.findElement(ProxyDriver.java:63)
at org.openqa.selenium.support.ui.ExpectedConditions$7.apply(ExpectedConditions.java:205)
at org.openqa.selenium.support.ui.ExpectedConditions$7.apply(ExpectedConditions.java:201)
at org.openqa.selenium.support.ui.FluentWait.until(FluentWait.java:249)
at com.carbonite.Browser.ProxyDriver.waitForElementToBeVisible(ProxyDriver.java:153)
at com.carbonite.Browser.ProxyDriver.findElement(ProxyDriver.java:63)
at org.openqa.selenium.support.ui.ExpectedConditions$7.apply(ExpectedConditions.java:205)
at org.openqa.selenium.support.ui.ExpectedConditions$7.apply(ExpectedConditions.java:201)
at org.openqa.selenium.support.ui.FluentWait.until(FluentWait.java:249)
at com.carbonite.Browser.ProxyDriver.waitForElementToBeVisible(ProxyDriver.java:153)
at com.carbonite.Browser.ProxyDriver.findElement(ProxyDriver.java:63)
at org.openqa.selenium.support.ui.ExpectedConditions$7.apply(ExpectedConditions.java:205)
at org.openqa.selenium.support.ui.ExpectedConditions$7.apply(ExpectedConditions.java:201)
at org.openqa.selenium.support.ui.FluentWait.until(FluentWait.java:249)
at com.carbonite.Browser.ProxyDriver.waitForElementToBeVisible(ProxyDriver.java:153)
at com.carbonite.Browser.ProxyDriver.findElement(ProxyDriver.java:63)
at org.openqa.selenium.support.ui.ExpectedConditions$7.apply(ExpectedConditions.java:205)
at org.openqa.selenium.support.ui.ExpectedConditions$7.apply(ExpectedConditions.java:201)
at org.openqa.selenium.support.ui.FluentWait.until(FluentWait.java:249)
at com.carbonite.Browser.ProxyDriver.waitForElementToBeVisible(ProxyDriver.java:153)
at com.carbonite.Browser.ProxyDriver.findElement(ProxyDriver.java:63)
at org.openqa.selenium.support.ui.ExpectedConditions$7.apply(ExpectedConditions.java:205)
at org.openqa.selenium.support.ui.ExpectedConditions$7.apply(ExpectedConditions.java:201)
at org.openqa.selenium.support.ui.FluentWait.until(FluentWait.java:249)
at com.carbonite.Browser.ProxyDriver.waitForElementToBeVisible(ProxyDriver.java:153)
at com.carbonite.Browser.ProxyDriver.findElement(ProxyDriver.java:63)
at org.openqa.selenium.support.ui.ExpectedConditions$7.apply(ExpectedConditions.java:205)
at org.openqa.selenium.support.ui.ExpectedConditions$7.apply(ExpectedConditions.java:201)
at org.openqa.selenium.support.ui.FluentWait.until(FluentWait.java:249)
at com.carbonite.Browser.ProxyDriver.waitForElementToBeVisible(ProxyDriver.java:153)
at com.carbonite.Browser.ProxyDriver.findElement(ProxyDriver.java:63)
at org.openqa.selenium.support.ui.ExpectedConditions$7.apply(ExpectedConditions.java:205)
at org.openqa.selenium.support.ui.ExpectedConditions$7.apply(ExpectedConditions.java:201)
at org.openqa.selenium.support.ui.FluentWait.until(FluentWait.java:249)
at com.carbonite.Browser.ProxyDriver.waitForElementToBeVisible(ProxyDriver.java:153)
at com.carbonite.Browser.ProxyDriver.findElement(ProxyDriver.java:63)
at org.openqa.selenium.support.ui.ExpectedConditions$7.apply(ExpectedConditions.java:205)
at org.openqa.selenium.support.ui.ExpectedConditions$7.apply(ExpectedConditions.java:201)
at org.openqa.selenium.support.ui.FluentWait.until(FluentWait.java:249)
at com.carbonite.Browser.ProxyDriver.waitForElementToBeVisible(ProxyDriver.java:153)
at com.carbonite.Browser.ProxyDriver.findElement(ProxyDriver.java:63)
at org.openqa.selenium.support.ui.ExpectedConditions$7.apply(ExpectedConditions.java:205)
at org.openqa.selenium.support.ui.ExpectedConditions$7.apply(ExpectedConditions.java:201)
at org.openqa.selenium.support.ui.FluentWait.until(FluentWait.java:249)
at com.carbonite.Browser.ProxyDriver.waitForElementToBeVisible(ProxyDriver.java:153)
at com.carbonite.Browser.ProxyDriver.findElement(ProxyDriver.java:63)
at org.openqa.selenium.support.ui.ExpectedConditions$7.apply(ExpectedConditions.java:205)
at org.openqa.selenium.support.ui.ExpectedConditions$7.apply(ExpectedConditions.java:201)
at org.openqa.selenium.support.ui.FluentWait.until(FluentWait.java:249)
at com.carbonite.Browser.ProxyDriver.waitForElementToBeVisible(ProxyDriver.java:153)
at com.carbonite.Browser.ProxyDriver.findElement(ProxyDriver.java:63)
at org.openqa.selenium.support.ui.ExpectedConditions$7.apply(ExpectedConditions.java:205)
at org.openqa.selenium.support.ui.ExpectedConditions$7.apply(ExpectedConditions.java:201)
at org.openqa.selenium.support.ui.FluentWait.until(FluentWait.java:249)
at com.carbonite.Browser.ProxyDriver.waitForElementToBeVisible(ProxyDriver.java:153)
at com.carbonite.Browser.ProxyDriver.findElement(ProxyDriver.java:63)
at org.openqa.selenium.support.ui.ExpectedConditions$7.apply(ExpectedConditions.java:205)
at org.openqa.selenium.support.ui.ExpectedConditions$7.apply(ExpectedConditions.java:201)
at org.openqa.selenium.support.ui.FluentWait.until(FluentWait.java:249)
at com.carbonite.Browser.ProxyDriver.waitForElementToBeVisible(ProxyDriver.java:153)
at com.carbonite.Browser.ProxyDriver.findElement(ProxyDriver.java:63)
at org.openqa.selenium.support.ui.ExpectedConditions$7.apply(ExpectedConditions.java:205)
at org.openqa.selenium.support.ui.ExpectedConditions$7.apply(ExpectedConditions.java:201)
at org.openqa.selenium.support.ui.FluentWait.until(FluentWait.java:249)
at com.carbonite.Browser.ProxyDriver.waitForElementToBeVisible(ProxyDriver.java:153)
at com.carbonite.Browser.ProxyDriver.findElement(ProxyDriver.java:63)
at org.openqa.selenium.support.ui.ExpectedConditions$7.apply(ExpectedConditions.java:205)
at org.openqa.selenium.support.ui.ExpectedConditions$7.apply(ExpectedConditions.java:201)
at org.openqa.selenium.support.ui.FluentWait.until(FluentWait.java:249)
at com.carbonite.Browser.ProxyDriver.waitForElementToBeVisible(ProxyDriver.java:153)
at com.carbonite.Browser.ProxyDriver.findElement(ProxyDriver.java:63)
at org.openqa.selenium.support.ui.ExpectedConditions$7.apply(ExpectedConditions.java:205)
at org.openqa.selenium.support.ui.ExpectedConditions$7.apply(ExpectedConditions.java:201)
at org.openqa.selenium.support.ui.FluentWait.until(FluentWait.java:249)
at com.carbonite.Browser.ProxyDriver.waitForElementToBeVisible(ProxyDriver.java:153)
at com.carbonite.Browser.ProxyDriver.findElement(ProxyDriver.java:63)
at org.openqa.selenium.support.ui.ExpectedConditions$7.apply(ExpectedConditions.java:205)
at org.openqa.selenium.support.ui.ExpectedConditions$7.apply(ExpectedConditions.java:201)
at org.openqa.selenium.support.ui.FluentWait.until(FluentWait.java:249)
at com.carbonite.Browser.ProxyDriver.waitForElementToBeVisible(ProxyDriver.java:153)
at com.carbonite.Browser.ProxyDriver.findElement(ProxyDriver.java:63)
at org.openqa.selenium.support.ui.ExpectedConditions$7.apply(ExpectedConditions.java:205)
at org.openqa.selenium.support.ui.ExpectedConditions$7.apply(ExpectedConditions.java:201)
at org.openqa.selenium.support.ui.FluentWait.until(FluentWait.java:249)
at com.carbonite.Browser.ProxyDriver.waitForElementToBeVisible(ProxyDriver.java:153)
at com.carbonite.Browser.ProxyDriver.findElement(ProxyDriver.java:63)
at org.openqa.selenium.support.ui.ExpectedConditions$7.apply(ExpectedConditions.java:205)
at org.openqa.selenium.support.ui.ExpectedConditions$7.apply(ExpectedConditions.java:201)
at org.openqa.selenium.support.ui.FluentWait.until(FluentWait.java:249)
at com.carbonite.Browser.ProxyDriver.waitForElementToBeVisible(ProxyDriver.java:153)
at com.carbonite.Browser.ProxyDriver.findElement(ProxyDriver.java:63)
at org.openqa.selenium.support.ui.ExpectedConditions$7.apply(ExpectedConditions.java:205)
at org.openqa.selenium.support.ui.ExpectedConditions$7.apply(ExpectedConditions.java:201)
at org.openqa.selenium.support.ui.FluentWait.until(FluentWait.java:249)
at com.carbonite.Browser.ProxyDriver.waitForElementToBeVisible(ProxyDriver.java:153)
at com.carbonite.Browser.ProxyDriver.findElement(ProxyDriver.java:63)
at org.openqa.selenium.support.ui.ExpectedConditions$7.apply(ExpectedConditions.java:205)
at org.openqa.selenium.support.ui.ExpectedConditions$7.apply(ExpectedConditions.java:201)
at org.openqa.selenium.support.ui.FluentWait.until(FluentWait.java:249)
at com.carbonite.Browser.ProxyDriver.waitForElementToBeVisible(ProxyDriver.java:153)
at com.carbonite.Browser.ProxyDriver.findElement(ProxyDriver.java:63)
at org.openqa.selenium.support.ui.ExpectedConditions$7.apply(ExpectedConditions.java:205)
at org.openqa.selenium.support.ui.ExpectedConditions$7.apply(ExpectedConditions.java:201)
at org.openqa.selenium.support.ui.FluentWait.until(FluentWait.java:249)
at com.carbonite.Browser.ProxyDriver.waitForElementToBeVisible(ProxyDriver.java:153)
at com.carbonite.Browser.ProxyDriver.findElement(ProxyDriver.java:63)
at org.openqa.selenium.support.ui.ExpectedConditions$7.apply(ExpectedConditions.java:205)
at org.openqa.selenium.support.ui.ExpectedConditions$7.apply(ExpectedConditions.java:201)
at org.openqa.selenium.support.ui.FluentWait.until(FluentWait.java:249)
at com.carbonite.Browser.ProxyDriver.waitForElementToBeVisible(ProxyDriver.java:153)
at com.carbonite.Browser.ProxyDriver.findElement(ProxyDriver.java:63)
at org.openqa.selenium.support.ui.ExpectedConditions$7.apply(ExpectedConditions.java:205)
at org.openqa.selenium.support.ui.ExpectedConditions$7.apply(ExpectedConditions.java:201)
at org.openqa.selenium.support.ui.FluentWait.until(FluentWait.java:249)
at com.carbonite.Browser.ProxyDriver.waitForElementToBeVisible(ProxyDriver.java:153)
at com.carbonite.Browser.ProxyDriver.findElement(ProxyDriver.java:63)
at org.openqa.selenium.support.ui.ExpectedConditions$7.apply(ExpectedConditions.java:205)
at org.openqa.selenium.support.ui.ExpectedConditions$7.apply(ExpectedConditions.java:201)
at org.openqa.selenium.support.ui.FluentWait.until(FluentWait.java:249)
at com.carbonite.Browser.ProxyDriver.waitForElementToBeVisible(ProxyDriver.java:153)
at com.carbonite.Browser.ProxyDriver.findElement(ProxyDriver.java:63)
at org.openqa.selenium.support.ui.ExpectedConditions$7.apply(ExpectedConditions.java:205)
at org.openqa.selenium.support.ui.ExpectedConditions$7.apply(ExpectedConditions.java:201)
at org.openqa.selenium.support.ui.FluentWait.until(FluentWait.java:249)
at com.carbonite.Browser.ProxyDriver.waitForElementToBeVisible(ProxyDriver.java:153)
at com.carbonite.Browser.ProxyDriver.findElement(ProxyDriver.java:63)
at org.openqa.selenium.support.ui.ExpectedConditions$7.apply(ExpectedConditions.java:205)
at org.openqa.selenium.support.ui.ExpectedConditions$7.apply(ExpectedConditions.java:201)
at org.openqa.selenium.support.ui.FluentWait.until(FluentWait.java:249)
at com.carbonite.Browser.ProxyDriver.waitForElementToBeVisible(ProxyDriver.java:153)
at com.carbonite.Browser.ProxyDriver.findElement(ProxyDriver.java:63)
at org.openqa.selenium.support.ui.ExpectedConditions$7.apply(ExpectedConditions.java:205)
at org.openqa.selenium.support.ui.ExpectedConditions$7.apply(ExpectedConditions.java:201)
at org.openqa.selenium.support.ui.FluentWait.until(FluentWait.java:249)
at com.carbonite.Browser.ProxyDriver.waitForElementToBeVisible(ProxyDriver.java:153)
at com.carbonite.Browser.ProxyDriver.findElement(ProxyDriver.java:63)
at org.openqa.selenium.support.ui.ExpectedConditions$7.apply(ExpectedConditions.java:205)
at org.openqa.selenium.support.ui.ExpectedConditions$7.apply(ExpectedConditions.java:201)
at org.openqa.selenium.support.ui.FluentWait.until(FluentWait.java:249)
at com.carbonite.Browser.ProxyDriver.waitForElementToBeVisible(ProxyDriver.java:153)
at com.carbonite.Browser.ProxyDriver.findElement(ProxyDriver.java:63)
at org.openqa.selenium.support.ui.ExpectedConditions$7.apply(ExpectedConditions.java:205)
at org.openqa.selenium.support.ui.ExpectedConditions$7.apply(ExpectedConditions.java:201)
at org.openqa.selenium.support.ui.FluentWait.until(FluentWait.java:249)
at com.carbonite.Browser.ProxyDriver.waitForElementToBeVisible(ProxyDriver.java:153)
at com.carbonite.Browser.ProxyDriver.findElement(ProxyDriver.java:63)
at org.openqa.selenium.support.ui.ExpectedConditions$7.apply(ExpectedConditions.java:205)
at org.openqa.selenium.support.ui.ExpectedConditions$7.apply(ExpectedConditions.java:201)
at org.openqa.selenium.support.ui.FluentWait.until(FluentWait.java:249)
at com.carbonite.Browser.ProxyDriver.waitForElementToBeVisible(ProxyDriver.java:153)
at com.carbonite.Browser.ProxyDriver.findElement(ProxyDriver.java:63)
at org.openqa.selenium.support.ui.ExpectedConditions$7.apply(ExpectedConditions.java:205)
at org.openqa.selenium.support.ui.ExpectedConditions$7.apply(ExpectedConditions.java:201)
at org.openqa.selenium.support.ui.FluentWait.until(FluentWait.java:249)
at com.carbonite.Browser.ProxyDriver.waitForElementToBeVisible(ProxyDriver.java:153)
at com.carbonite.Browser.ProxyDriver.findElement(ProxyDriver.java:63)
at org.openqa.selenium.support.ui.ExpectedConditions$7.apply(ExpectedConditions.java:205)
at org.openqa.selenium.support.ui.ExpectedConditions$7.apply(ExpectedConditions.java:201)
at org.openqa.selenium.support.ui.FluentWait.until(FluentWait.java:249)
at com.carbonite.Browser.ProxyDriver.waitForElementToBeVisible(ProxyDriver.java:153)
at com.carbonite.Browser.ProxyDriver.findElement(ProxyDriver.java:63)
at org.openqa.selenium.support.ui.ExpectedConditions$7.apply(ExpectedConditions.java:205)
at org.openqa.selenium.support.ui.ExpectedConditions$7.apply(ExpectedConditions.java:201)
at org.openqa.selenium.support.ui.FluentWait.until(FluentWait.java:249)
at com.carbonite.Browser.ProxyDriver.waitForElementToBeVisible(ProxyDriver.java:153)
at com.carbonite.Browser.ProxyDriver.findElement(ProxyDriver.java:63)
at org.openqa.selenium.support.ui.ExpectedConditions$7.apply(ExpectedConditions.java:205)
at org.openqa.selenium.support.ui.ExpectedConditions$7.apply(ExpectedConditions.java:201)
at org.openqa.selenium.support.ui.FluentWait.until(FluentWait.java:249)
at com.carbonite.Browser.ProxyDriver.waitForElementToBeVisible(ProxyDriver.java:153)
at com.carbonite.Browser.ProxyDriver.findElement(ProxyDriver.java:63)
at org.openqa.selenium.support.ui.ExpectedConditions$7.apply(ExpectedConditions.java:205)
at org.openqa.selenium.support.ui.ExpectedConditions$7.apply(ExpectedConditions.java:201)
at org.openqa.selenium.support.ui.FluentWait.until(FluentWait.java:249)
at com.carbonite.Browser.ProxyDriver.waitForElementToBeVisible(ProxyDriver.java:153)
at com.carbonite.Browser.ProxyDriver.findElement(ProxyDriver.java:63)
at org.openqa.selenium.support.ui.ExpectedConditions$7.apply(ExpectedConditions.java:205)
at org.openqa.selenium.support.ui.ExpectedConditions$7.apply(ExpectedConditions.java:201)
at org.openqa.selenium.support.ui.FluentWait.until(FluentWait.java:249)
at com.carbonite.Browser.ProxyDriver.waitForElementToBeVisible(ProxyDriver.java:153)
at com.carbonite.Browser.ProxyDriver.findElement(ProxyDriver.java:63)
at org.openqa.selenium.support.ui.ExpectedConditions$7.apply(ExpectedConditions.java:205)
at org.openqa.selenium.support.ui.ExpectedConditions$7.apply(ExpectedConditions.java:201)
at org.openqa.selenium.support.ui.FluentWait.until(FluentWait.java:249)
at com.carbonite.Browser.ProxyDriver.waitForElementToBeVisible(ProxyDriver.java:153)
at com.carbonite.Browser.ProxyDriver.findElement(ProxyDriver.java:63)
at org.openqa.selenium.support.ui.ExpectedConditions$7.apply(ExpectedConditions.java:205)
at org.openqa.selenium.support.ui.ExpectedConditions$7.apply(ExpectedConditions.java:201)
at org.openqa.selenium.support.ui.FluentWait.until(FluentWait.java:249)
at com.carbonite.Browser.ProxyDriver.waitForElementToBeVisible(ProxyDriver.java:153)
at com.carbonite.Browser.ProxyDriver.findElement(ProxyDriver.java:63)
at org.openqa.selenium.support.ui.ExpectedConditions$7.apply(ExpectedConditions.java:205)
at org.openqa.selenium.support.ui.ExpectedConditions$7.apply(ExpectedConditions.java:201)
at org.openqa.selenium.support.ui.FluentWait.until(FluentWait.java:249)
at com.carbonite.Browser.ProxyDriver.waitForElementToBeVisible(ProxyDriver.java:153)
at com.carbonite.Browser.ProxyDriver.findElement(ProxyDriver.java:63)
at org.openqa.selenium.support.ui.ExpectedConditions$7.apply(ExpectedConditions.java:205)
at org.openqa.selenium.support.ui.ExpectedConditions$7.apply(ExpectedConditions.java:201)
at org.openqa.selenium.support.ui.FluentWait.until(FluentWait.java:249)
at com.carbonite.Browser.ProxyDriver.waitForElementToBeVisible(ProxyDriver.java:153)
at com.carbonite.Browser.ProxyDriver.findElement(ProxyDriver.java:63)
at org.openqa.selenium.support.ui.ExpectedConditions$7.apply(ExpectedConditions.java:205)
at org.openqa.selenium.support.ui.ExpectedConditions$7.apply(ExpectedConditions.java:201)
at org.openqa.selenium.support.ui.FluentWait.until(FluentWait.java:249)
at com.carbonite.Browser.ProxyDriver.waitForElementToBeVisible(ProxyDriver.java:153)
at com.carbonite.Browser.ProxyDriver.findElement(ProxyDriver.java:63)
at org.openqa.selenium.support.ui.ExpectedConditions$7.apply(ExpectedConditions.java:205)
at org.openqa.selenium.support.ui.ExpectedConditions$7.apply(ExpectedConditions.java:201)
at org.openqa.selenium.support.ui.FluentWait.until(FluentWait.java:249)
at com.carbonite.Browser.ProxyDriver.waitForElementToBeVisible(ProxyDriver.java:153)
at com.carbonite.Browser.ProxyDriver.findElement(ProxyDriver.java:63)
at org.openqa.selenium.support.ui.ExpectedConditions$7.apply(ExpectedConditions.java:205)
at org.openqa.selenium.support.ui.ExpectedConditions$7.apply(ExpectedConditions.java:201)
at org.openqa.selenium.support.ui.FluentWait.until(FluentWait.java:249)
at com.carbonite.Browser.ProxyDriver.waitForElementToBeVisible(ProxyDriver.java:153)
at com.carbonite.Browser.ProxyDriver.findElement(ProxyDriver.java:63)
at org.openqa.selenium.support.ui.ExpectedConditions$7.apply(ExpectedConditions.java:205)
at org.openqa.selenium.support.ui.ExpectedConditions$7.apply(ExpectedConditions.java:201)
at org.openqa.selenium.support.ui.FluentWait.until(FluentWait.java:249)
at com.carbonite.Browser.ProxyDriver.waitForElementToBeVisible(ProxyDriver.java:153)
at com.carbonite.Browser.ProxyDriver.findElement(ProxyDriver.java:63)
at org.openqa.selenium.support.ui.ExpectedConditions$7.apply(ExpectedConditions.java:205)
at org.openqa.selenium.support.ui.ExpectedConditions$7.apply(ExpectedConditions.java:201)
at org.openqa.selenium.support.ui.FluentWait.until(FluentWait.java:249)
at com.carbonite.Browser.ProxyDriver.waitForElementToBeVisible(ProxyDriver.java:153)
at com.carbonite.Browser.ProxyDriver.findElement(ProxyDriver.java:63)
at org.openqa.selenium.support.ui.ExpectedConditions$7.apply(ExpectedConditions.java:205)
at org.openqa.selenium.support.ui.ExpectedConditions$7.apply(ExpectedConditions.java:201)
at org.openqa.selenium.support.ui.FluentWait.until(FluentWait.java:249)
at com.carbonite.Browser.ProxyDriver.waitForElementToBeVisible(ProxyDriver.java:153)
at com.carbonite.Browser.ProxyDriver.findElement(ProxyDriver.java:63)
at org.openqa.selenium.support.ui.ExpectedConditions$7.apply(ExpectedConditions.java:205)
at org.openqa.selenium.support.ui.ExpectedConditions$7.apply(ExpectedConditions.java:201)
at org.openqa.selenium.support.ui.FluentWait.until(FluentWait.java:249)
at com.carbonite.Browser.ProxyDriver.waitForElementToBeVisible(ProxyDriver.java:153)
at com.carbonite.Browser.ProxyDriver.findElement(ProxyDriver.java:63)
at org.openqa.selenium.support.ui.ExpectedConditions$7.apply(ExpectedConditions.java:205)
at org.openqa.selenium.support.ui.ExpectedConditions$7.apply(ExpectedConditions.java:201)
at org.openqa.selenium.support.ui.FluentWait.until(FluentWait.java:249)
at com.carbonite.Browser.ProxyDriver.waitForElementToBeVisible(ProxyDriver.java:153)
at com.carbonite.Browser.ProxyDriver.findElement(ProxyDriver.java:63)
at org.openqa.selenium.support.ui.ExpectedConditions$7.apply(ExpectedConditions.java:205)
at org.openqa.selenium.support.ui.ExpectedConditions$7.apply(ExpectedConditions.java:201)
at org.openqa.selenium.support.ui.FluentWait.until(FluentWait.java:249)
at com.carbonite.Browser.ProxyDriver.waitForElementToBeVisible(ProxyDriver.java:153)
at com.carbonite.Browser.ProxyDriver.findElement(ProxyDriver.java:63)
at org.openqa.selenium.support.ui.ExpectedConditions$7.apply(ExpectedConditions.java:205)
at org.openqa.selenium.support.ui.ExpectedConditions$7.apply(ExpectedConditions.java:201)
at org.openqa.selenium.support.ui.FluentWait.until(FluentWait.java:249)
at com.carbonite.Browser.ProxyDriver.waitForElementToBeVisible(ProxyDriver.java:153)
at com.carbonite.Browser.ProxyDriver.findElement(ProxyDriver.java:63)
at org.openqa.selenium.support.ui.ExpectedConditions$7.apply(ExpectedConditions.java:205)
at org.openqa.selenium.support.ui.ExpectedConditions$7.apply(ExpectedConditions.java:201)
at org.openqa.selenium.support.ui.FluentWait.until(FluentWait.java:249)
at com.carbonite.Browser.ProxyDriver.waitForElementToBeVisible(ProxyDriver.java:153)
at com.carbonite.Browser.ProxyDriver.findElement(ProxyDriver.java:63)
at org.openqa.selenium.support.ui.ExpectedConditions$7.apply(ExpectedConditions.java:205)
at org.openqa.selenium.support.ui.ExpectedConditions$7.apply(ExpectedConditions.java:201)
at org.openqa.selenium.support.ui.FluentWait.until(FluentWait.java:249)
at com.carbonite.Browser.ProxyDriver.waitForElementToBeVisible(ProxyDriver.java:153)
at com.carbonite.Browser.ProxyDriver.findElement(ProxyDriver.java:63)
at org.openqa.selenium.support.ui.ExpectedConditions$7.apply(ExpectedConditions.java:205)
at org.openqa.selenium.support.ui.ExpectedConditions$7.apply(ExpectedConditions.java:201)
at org.openqa.selenium.support.ui.FluentWait.until(FluentWait.java:249)
at com.carbonite.Browser.ProxyDriver.waitForElementToBeVisible(ProxyDriver.java:153)
at com.carbonite.Browser.ProxyDriver.findElement(ProxyDriver.java:63)
at org.openqa.selenium.support.ui.ExpectedConditions$7.apply(ExpectedConditions.java:205)
at org.openqa.selenium.support.ui.ExpectedConditions$7.apply(ExpectedConditions.java:201)
at org.openqa.selenium.support.ui.FluentWait.until(FluentWait.java:249)
at com.carbonite.Browser.ProxyDriver.waitForElementToBeVisible(ProxyDriver.java:153)
at com.carbonite.Browser.ProxyDriver.findElement(ProxyDriver.java:63)
at org.openqa.selenium.support.ui.ExpectedConditions$7.apply(ExpectedConditions.java:205)
at org.openqa.selenium.support.ui.ExpectedConditions$7.apply(ExpectedConditions.java:201)
at org.openqa.selenium.support.ui.FluentWait.until(FluentWait.java:249)
at com.carbonite.Browser.ProxyDriver.waitForElementToBeVisible(ProxyDriver.java:153)
at com.carbonite.Browser.ProxyDriver.findElement(ProxyDriver.java:63)
at org.openqa.selenium.support.ui.ExpectedConditions$7.apply(ExpectedConditions.java:205)
at org.openqa.selenium.support.ui.ExpectedConditions$7.apply(ExpectedConditions.java:201)
at org.openqa.selenium.support.ui.FluentWait.until(FluentWait.java:249)
at com.carbonite.Browser.ProxyDriver.waitForElementToBeVisible(ProxyDriver.java:153)
at com.carbonite.Browser.ProxyDriver.findElement(ProxyDriver.java:63)
at org.openqa.selenium.support.ui.ExpectedConditions$7.apply(ExpectedConditions.java:205)
at org.openqa.selenium.support.ui.ExpectedConditions$7.apply(ExpectedConditions.java:201)
at org.openqa.selenium.support.ui.FluentWait.until(FluentWait.java:249)
at com.carbonite.Browser.ProxyDriver.waitForElementToBeVisible(ProxyDriver.java:153)
at com.carbonite.Browser.ProxyDriver.findElement(ProxyDriver.java:63)
at org.openqa.selenium.support.ui.ExpectedConditions$7.apply(ExpectedConditions.java:205)
at org.openqa.selenium.support.ui.ExpectedConditions$7.apply(ExpectedConditions.java:201)
at org.openqa.selenium.support.ui.FluentWait.until(FluentWait.java:249)
at com.carbonite.Browser.ProxyDriver.waitForElementToBeVisible(ProxyDriver.java:153)
at com.carbonite.Browser.ProxyDriver.findElement(ProxyDriver.java:63)
at org.openqa.selenium.support.ui.ExpectedConditions$7.apply(ExpectedConditions.java:205)
at org.openqa.selenium.support.ui.ExpectedConditions$7.apply(ExpectedConditions.java:201)
at org.openqa.selenium.support.ui.FluentWait.until(FluentWait.java:249)
at com.carbonite.Browser.ProxyDriver.waitForElementToBeVisible(ProxyDriver.java:153)
at com.carbonite.Browser.ProxyDriver.findElement(ProxyDriver.java:63)
at org.openqa.selenium.support.ui.ExpectedConditions$7.apply(ExpectedConditions.java:205)
at org.openqa.selenium.support.ui.ExpectedConditions$7.apply(ExpectedConditions.java:201)
at org.openqa.selenium.support.ui.FluentWait.until(FluentWait.java:249)
at com.carbonite.Browser.ProxyDriver.waitForElementToBeVisible(ProxyDriver.java:153)
at com.carbonite.Browser.ProxyDriver.findElement(ProxyDriver.java:63)
at org.openqa.selenium.support.ui.ExpectedConditions$7.apply(ExpectedConditions.java:205)
at org.openqa.selenium.support.ui.ExpectedConditions$7.apply(ExpectedConditions.java:201)
at org.openqa.selenium.support.ui.FluentWait.until(FluentWait.java:249)
at com.carbonite.Browser.ProxyDriver.waitForElementToBeVisible(ProxyDriver.java:153)
at com.carbonite.Browser.ProxyDriver.findElement(ProxyDriver.java:63)
at org.openqa.selenium.support.ui.ExpectedConditions$7.apply(ExpectedConditions.java:205)
at org.openqa.selenium.support.ui.ExpectedConditions$7.apply(ExpectedConditions.java:201)
at org.openqa.selenium.support.ui.FluentWait.until(FluentWait.java:249)
at com.carbonite.Browser.ProxyDriver.waitForElementToBeVisible(ProxyDriver.java:153)
at com.carbonite.Browser.ProxyDriver.findElement(ProxyDriver.java:63)
at org.openqa.selenium.support.ui.ExpectedConditions$7.apply(ExpectedConditions.java:205)
at org.openqa.selenium.support.ui.ExpectedConditions$7.apply(ExpectedConditions.java:201)
at org.openqa.selenium.support.ui.FluentWait.until(FluentWait.java:249)
at com.carbonite.Browser.ProxyDriver.waitForElementToBeVisible(ProxyDriver.java:153)
at com.carbonite.Browser.ProxyDriver.findElement(ProxyDriver.java:63)
at org.openqa.selenium.support.ui.ExpectedConditions$7.apply(ExpectedConditions.java:205)
at org.openqa.selenium.support.ui.ExpectedConditions$7.apply(ExpectedConditions.java:201)
at org.openqa.selenium.support.ui.FluentWait.until(FluentWait.java:249)
at com.carbonite.Browser.ProxyDriver.waitForElementToBeVisible(ProxyDriver.java:153)
at com.carbonite.Browser.ProxyDriver.findElement(ProxyDriver.java:63)
at org.openqa.selenium.support.ui.ExpectedConditions$7.apply(ExpectedConditions.java:205)
at org.openqa.selenium.support.ui.ExpectedConditions$7.apply(ExpectedConditions.java:201)
at org.openqa.selenium.support.ui.FluentWait.until(FluentWait.java:249)
at com.carbonite.Browser.ProxyDriver.waitForElementToBeVisible(ProxyDriver.java:153)
at com.carbonite.Browser.ProxyDriver.findElement(ProxyDriver.java:63)
at org.openqa.selenium.support.ui.ExpectedConditions$7.apply(ExpectedConditions.java:205)
at org.openqa.selenium.support.ui.ExpectedConditions$7.apply(ExpectedConditions.java:201)
at org.openqa.selenium.support.ui.FluentWait.until(FluentWait.java:249)
at com.carbonite.Browser.ProxyDriver.waitForElementToBeVisible(ProxyDriver.java:153)
at com.carbonite.Browser.ProxyDriver.findElement(ProxyDriver.java:63)
at org.openqa.selenium.support.ui.ExpectedConditions$7.apply(ExpectedConditions.java:205)
at org.openqa.selenium.support.ui.ExpectedConditions$7.apply(ExpectedConditions.java:201)
at org.openqa.selenium.support.ui.FluentWait.until(FluentWait.java:249)
at com.carbonite.Browser.ProxyDriver.waitForElementToBeVisible(ProxyDriver.java:153)
at com.carbonite.Browser.ProxyDriver.findElement(ProxyDriver.java:63)
at org.openqa.selenium.support.ui.ExpectedConditions$7.apply(ExpectedConditions.java:205)
at org.openqa.selenium.support.ui.ExpectedConditions$7.apply(ExpectedConditions.java:201)
at org.openqa.selenium.support.ui.FluentWait.until(FluentWait.java:249)
at com.carbonite.Browser.ProxyDriver.waitForElementToBeVisible(ProxyDriver.java:153)
at com.carbonite.Browser.ProxyDriver.findElement(ProxyDriver.java:63)
at org.openqa.selenium.support.ui.ExpectedConditions$7.apply(ExpectedConditions.java:205)
at org.openqa.selenium.support.ui.ExpectedConditions$7.apply(ExpectedConditions.java:201)
at org.openqa.selenium.support.ui.FluentWait.until(FluentWait.java:249)
at com.carbonite.Browser.ProxyDriver.waitForElementToBeVisible(ProxyDriver.java:153)
at com.carbonite.Browser.ProxyDriver.findElement(ProxyDriver.java:63)
at org.openqa.selenium.support.ui.ExpectedConditions$7.apply(ExpectedConditions.java:205)
at org.openqa.selenium.support.ui.ExpectedConditions$7.apply(ExpectedConditions.java:201)
at org.openqa.selenium.support.ui.FluentWait.until(FluentWait.java:249)
at com.carbonite.Browser.ProxyDriver.waitForElementToBeVisible(ProxyDriver.java:153)
at com.carbonite.Browser.ProxyDriver.findElement(ProxyDriver.java:63)
at org.openqa.selenium.support.ui.ExpectedConditions$7.apply(ExpectedConditions.java:205)
at org.openqa.selenium.support.ui.ExpectedConditions$7.apply(ExpectedConditions.java:201)
at org.openqa.selenium.support.ui.FluentWait.until(FluentWait.java:249)
at com.carbonite.Browser.ProxyDriver.waitForElementToBeVisible(ProxyDriver.java:153)
at com.carbonite.Browser.ProxyDriver.findElement(ProxyDriver.java:63)
at org.openqa.selenium.support.ui.ExpectedConditions$7.apply(ExpectedConditions.java:205)
at org.openqa.selenium.support.ui.ExpectedConditions$7.apply(ExpectedConditions.java:201)
at org.openqa.selenium.support.ui.FluentWait.until(FluentWait.java:249)
at com.carbonite.Browser.ProxyDriver.waitForElementToBeVisible(ProxyDriver.java:153)
at com.carbonite.Browser.ProxyDriver.findElement(ProxyDriver.java:63)
at org.openqa.selenium.support.ui.ExpectedConditions$7.apply(ExpectedConditions.java:205)
at org.openqa.selenium.support.ui.ExpectedConditions$7.apply(ExpectedConditions.java:201)
at org.openqa.selenium.support.ui.FluentWait.until(FluentWait.java:249)
at com.carbonite.Browser.ProxyDriver.waitForElementToBeVisible(ProxyDriver.java:153)
at com.carbonite.Browser.ProxyDriver.findElement(ProxyDriver.java:63)
at org.openqa.selenium.support.ui.ExpectedConditions$7.apply(ExpectedConditions.java:205)
at org.openqa.selenium.support.ui.ExpectedConditions$7.apply(ExpectedConditions.java:201)
at org.openqa.selenium.support.ui.FluentWait.until(FluentWait.java:249)
at com.carbonite.Browser.ProxyDriver.waitForElementToBeVisible(ProxyDriver.java:153)
at com.carbonite.Browser.ProxyDriver.findElement(ProxyDriver.java:63)
at org.openqa.selenium.support.ui.ExpectedConditions$7.apply(ExpectedConditions.java:205)
at org.openqa.selenium.support.ui.ExpectedConditions$7.apply(ExpectedConditions.java:201)
at org.openqa.selenium.support.ui.FluentWait.until(FluentWait.java:249)
at com.carbonite.Browser.ProxyDriver.waitForElementToBeVisible(ProxyDriver.java:153)
at com.carbonite.Browser.ProxyDriver.findElement(ProxyDriver.java:63)
at org.openqa.selenium.support.ui.ExpectedConditions$7.apply(ExpectedConditions.java:205)
at org.openqa.selenium.support.ui.ExpectedConditions$7.apply(ExpectedConditions.java:201)
at org.openqa.selenium.support.ui.FluentWait.until(FluentWait.java:249)
at com.carbonite.Browser.ProxyDriver.waitForElementToBeVisible(ProxyDriver.java:153)
at com.carbonite.Browser.ProxyDriver.findElement(ProxyDriver.java:63)
at org.openqa.selenium.support.ui.ExpectedConditions$7.apply(ExpectedConditions.java:205)
at org.openqa.selenium.support.ui.ExpectedConditions$7.apply(ExpectedConditions.java:201)
at org.openqa.selenium.support.ui.FluentWait.until(FluentWait.java:249)
at com.carbonite.Browser.ProxyDriver.waitForElementToBeVisible(ProxyDriver.java:153)
at com.carbonite.Browser.ProxyDriver.findElement(ProxyDriver.java:63)
at org.openqa.selenium.support.ui.ExpectedConditions$7.apply(ExpectedConditions.java:205)
at org.openqa.selenium.support.ui.ExpectedConditions$7.apply(ExpectedConditions.java:201)
at org.openqa.selenium.support.ui.FluentWait.until(FluentWait.java:249)
at com.carbonite.Browser.ProxyDriver.waitForElementToBeVisible(ProxyDriver.java:153)
at com.carbonite.Browser.ProxyDriver.findElement(ProxyDriver.java:63)
at org.openqa.selenium.support.ui.ExpectedConditions$7.apply(ExpectedConditions.java:205)
at org.openqa.selenium.support.ui.ExpectedConditions$7.apply(ExpectedConditions.java:201)
at org.openqa.selenium.support.ui.FluentWait.until(FluentWait.java:249)
at com.carbonite.Browser.ProxyDriver.waitForElementToBeVisible(ProxyDriver.java:153)
at com.carbonite.Browser.ProxyDriver.findElement(ProxyDriver.java:63)
at org.openqa.selenium.support.ui.ExpectedConditions$7.apply(ExpectedConditions.java:205)
at org.openqa.selenium.support.ui.ExpectedConditions$7.apply(ExpectedConditions.java:201)
at org.openqa.selenium.support.ui.FluentWait.until(FluentWait.java:249)
at com.carbonite.Browser.ProxyDriver.waitForElementToBeVisible(ProxyDriver.java:153)
at com.carbonite.Browser.ProxyDriver.findElement(ProxyDriver.java:63)
at org.openqa.selenium.support.ui.ExpectedConditions$7.apply(ExpectedConditions.java:205)
at org.openqa.selenium.support.ui.ExpectedConditions$7.apply(ExpectedConditions.java:201)
at org.openqa.selenium.support.ui.FluentWait.until(FluentWait.java:249)
at com.carbonite.Browser.ProxyDriver.waitForElementToBeVisible(ProxyDriver.java:153)
at com.carbonite.Browser.ProxyDriver.findElement(ProxyDriver.java:63)
at org.openqa.selenium.support.ui.ExpectedConditions$7.apply(ExpectedConditions.java:205)
at org.openqa.selenium.support.ui.ExpectedConditions$7.apply(ExpectedConditions.java:201)
at org.openqa.selenium.support.ui.FluentWait.until(FluentWait.java:249)
at com.carbonite.Browser.ProxyDriver.waitForElementToBeVisible(ProxyDriver.java:153)
at com.carbonite.Browser.ProxyDriver.findElement(ProxyDriver.java:63)
at org.openqa.selenium.support.ui.ExpectedConditions$7.apply(ExpectedConditions.java:205)
at org.openqa.selenium.support.ui.ExpectedConditions$7.apply(ExpectedConditions.java:201)
at org.openqa.selenium.support.ui.FluentWait.until(FluentWait.java:249)
at com.carbonite.Browser.ProxyDriver.waitForElementToBeVisible(ProxyDriver.java:153)
at com.carbonite.Browser.ProxyDriver.findElement(ProxyDriver.java:63)
at org.openqa.selenium.support.ui.ExpectedConditions$7.apply(ExpectedConditions.java:205)
at org.openqa.selenium.support.ui.ExpectedConditions$7.apply(ExpectedConditions.java:201)
at org.openqa.selenium.support.ui.FluentWait.until(FluentWait.java:249)
at com.carbonite.Browser.ProxyDriver.waitForElementToBeVisible(ProxyDriver.java:153)
at com.carbonite.Browser.ProxyDriver.findElement(ProxyDriver.java:63)
at org.openqa.selenium.support.ui.ExpectedConditions$7.apply(ExpectedConditions.java:205)
at org.openqa.selenium.support.ui.ExpectedConditions$7.apply(ExpectedConditions.java:201)
at org.openqa.selenium.support.ui.FluentWait.until(FluentWait.java:249)
at com.carbonite.Browser.ProxyDriver.waitForElementToBeVisible(ProxyDriver.java:153)
at com.carbonite.Browser.ProxyDriver.findElement(ProxyDriver.java:63)
at org.openqa.selenium.support.ui.ExpectedConditions$7.apply(ExpectedConditions.java:205)
at org.openqa.selenium.support.ui.ExpectedConditions$7.apply(ExpectedConditions.java:201)
at org.openqa.selenium.support.ui.FluentWait.until(FluentWait.java:249)
at com.carbonite.Browser.ProxyDriver.waitForElementToBeVisible(ProxyDriver.java:153)
at com.carbonite.Browser.ProxyDriver.findElement(ProxyDriver.java:63)
at org.openqa.selenium.support.ui.ExpectedConditions$7.apply(ExpectedConditions.java:205)
at org.openqa.selenium.support.ui.ExpectedConditions$7.apply(ExpectedConditions.java:201)
at org.openqa.selenium.support.ui.FluentWait.until(FluentWait.java:249)
at com.carbonite.Browser.ProxyDriver.waitForElementToBeVisible(ProxyDriver.java:153)
at com.carbonite.Browser.ProxyDriver.findElement(ProxyDriver.java:63)
at org.openqa.selenium.support.ui.ExpectedConditions$7.apply(ExpectedConditions.java:205)
at org.openqa.selenium.support.ui.ExpectedConditions$7.apply(ExpectedConditions.java:201)
at org.openqa.selenium.support.ui.FluentWait.until(FluentWait.java:249)
at com.carbonite.Browser.ProxyDriver.waitForElementToBeVisible(ProxyDriver.java:153)
at com.carbonite.Browser.ProxyDriver.findElement(ProxyDriver.java:63)
at org.openqa.selenium.support.ui.ExpectedConditions$7.apply(ExpectedConditions.java:205)
at org.openqa.selenium.support.ui.ExpectedConditions$7.apply(ExpectedConditions.java:201)
at org.openqa.selenium.support.ui.FluentWait.until(FluentWait.java:249)
at com.carbonite.Browser.ProxyDriver.waitForElementToBeVisible(ProxyDriver.java:153)
at com.carbonite.Browser.ProxyDriver.findElement(ProxyDriver.java:63)
at org.openqa.selenium.support.ui.ExpectedConditions$7.apply(ExpectedConditions.java:205)
at org.openqa.selenium.support.ui.ExpectedConditions$7.apply(ExpectedConditions.java:201)
at org.openqa.selenium.support.ui.FluentWait.until(FluentWait.java:249)
at com.carbonite.Browser.ProxyDriver.waitForElementToBeVisible(ProxyDriver.java:153)
at com.carbonite.Browser.ProxyDriver.findElement(ProxyDriver.java:63)
at org.openqa.selenium.support.ui.ExpectedConditions$7.apply(ExpectedConditions.java:205)
at org.openqa.selenium.support.ui.ExpectedConditions$7.apply(ExpectedConditions.java:201)
at org.openqa.selenium.support.ui.FluentWait.until(FluentWait.java:249)
at com.carbonite.Browser.ProxyDriver.waitForElementToBeVisible(ProxyDriver.java:153)
at com.carbonite.Browser.ProxyDriver.findElement(ProxyDriver.java:63)
at org.openqa.selenium.support.ui.ExpectedConditions$7.apply(ExpectedConditions.java:205)
at org.openqa.selenium.support.ui.ExpectedConditions$7.apply(ExpectedConditions.java:201)
at org.openqa.selenium.support.ui.FluentWait.until(FluentWait.java:249)
at com.carbonite.Browser.ProxyDriver.waitForElementToBeVisible(ProxyDriver.java:153)
at com.carbonite.Browser.ProxyDriver.findElement(ProxyDriver.java:63)
at org.openqa.selenium.support.ui.ExpectedConditions$7.apply(ExpectedConditions.java:205)
at org.openqa.selenium.support.ui.ExpectedConditions$7.apply(ExpectedConditions.java:201)
at org.openqa.selenium.support.ui.FluentWait.until(FluentWait.java:249)
at com.carbonite.Browser.ProxyDriver.waitForElementToBeVisible(ProxyDriver.java:153)
at com.carbonite.Browser.ProxyDriver.findElement(ProxyDriver.java:63)
at org.openqa.selenium.support.ui.ExpectedConditions$7.apply(ExpectedConditions.java:205)
at org.openqa.selenium.support.ui.ExpectedConditions$7.apply(ExpectedConditions.java:201)
at org.openqa.selenium.support.ui.FluentWait.until(FluentWait.java:249)
at com.carbonite.Browser.ProxyDriver.waitForElementToBeVisible(ProxyDriver.java:153)
at com.carbonite.Browser.ProxyDriver.findElement(ProxyDriver.java:63)
[...]
at org.openqa.selenium.support.ui.FluentWait.until(FluentWait.java:249)
at com.carbonite.Browser.ProxyDriver.waitForElementToBeVisible(ProxyDriver.java:153)
at com.carbonite.Browser.ProxyDriver.findElement(ProxyDriver.java:63)
at org.openqa.selenium.support.ui.ExpectedConditions$7.apply(ExpectedConditions.java:205)
at org.openqa.selenium.support.ui.ExpectedConditions$7.apply(ExpectedConditions.java:201)
at org.openqa.selenium.support.ui.FluentWait.until(FluentWait.java:249)
at com.carbonite.Browser.ProxyDriver.waitForElementToBeVisible(ProxyDriver.java:153)
at com.carbonite.Browser.ProxyDriver.findElement(ProxyDriver.java:63)
at org.openqa.selenium.support.ui.ExpectedConditions$7.apply(ExpectedConditions.java:205)
at org.openqa.selenium.support.ui.ExpectedConditions$7.apply(ExpectedConditions.java:201)
at org.openqa.selenium.support.ui.FluentWait.until(FluentWait.java:249)
at com.carbonite.Browser.ProxyDriver.waitForElementToBeVisible(ProxyDriver.java:153)
at com.carbonite.Browser.ProxyDriver.findElement(ProxyDriver.java:63)
at org.openqa.selenium.support.ui.ExpectedConditions$7.apply(ExpectedConditions.java:205)
at org.openqa.selenium.support.ui.ExpectedConditions$7.apply(ExpectedConditions.java:201)
at org.openqa.selenium.support.ui.FluentWait.until(FluentWait.java:249)
at com.carbonite.Browser.ProxyDriver.waitForElementToBeVisible(ProxyDriver.java:153)
at com.carbonite.Browser.ProxyDriver.findElement(ProxyDriver.java:63)
at org.openqa.selenium.support.ui.ExpectedConditions$7.apply(ExpectedConditions.java:205)
at org.openqa.selenium.support.ui.ExpectedConditions$7.apply(ExpectedConditions.java:201)
at org.openqa.selenium.support.ui.FluentWait.until(FluentWait.java:249)
at com.carbonite.Browser.ProxyDriver.waitForElementToBeVisible(ProxyDriver.java:153)
at com.carbonite.Browser.ProxyDriver.findElement(ProxyDriver.java:63)
at org.openqa.selenium.support.ui.ExpectedConditions$7.apply(ExpectedConditions.java:205)
at org.openqa.selenium.support.ui.ExpectedConditions$7.apply(ExpectedConditions.java:201)
at org.openqa.selenium.support.ui.FluentWait.until(FluentWait.java:249)
at com.carbonite.Browser.ProxyDriver.waitForElementToBeVisible(ProxyDriver.java:153)
at com.carbonite.Browser.ProxyDriver.findElement(ProxyDriver.java:63)
at org.openqa.selenium.support.ui.ExpectedConditions$7.apply(ExpectedConditions.java:205)
at org.openqa.selenium.support.ui.ExpectedConditions$7.apply(ExpectedConditions.java:201)
at org.openqa.selenium.support.ui.FluentWait.until(FluentWait.java:249)
at com.carbonite.Browser.ProxyDriver.waitForElementToBeVisible(ProxyDriver.java:153)
at com.carbonite.Browser.ProxyDriver.findElement(ProxyDriver.java:63)
at org.openqa.selenium.support.ui.ExpectedConditions$7.apply(ExpectedConditions.java:205)
at org.openqa.selenium.support.ui.ExpectedConditions$7.apply(ExpectedConditions.java:201)
at org.openqa.selenium.support.ui.FluentWait.until(FluentWait.java:249)
at com.carbonite.Browser.ProxyDriver.waitForElementToBeVisible(ProxyDriver.java:153)
at com.carbonite.Browser.ProxyDriver.findElement(ProxyDriver.java:63)
at org.openqa.selenium.support.ui.ExpectedConditions$7.apply(ExpectedConditions.java:205)
at org.openqa.selenium.support.ui.ExpectedConditions$7.apply(ExpectedConditions.java:201)
at org.openqa.selenium.support.ui.FluentWait.until(FluentWait.java:249)
at com.carbonite.Browser.ProxyDriver.waitForElementToBeVisible(ProxyDriver.java:153)
at com.carbonite.Browser.ProxyDriver.findElement(ProxyDriver.java:63)
at org.openqa.selenium.support.ui.ExpectedConditions$7.apply(ExpectedConditions.java:205)
at org.openqa.selenium.support.ui.ExpectedConditions$7.apply(ExpectedConditions.java:201)
at org.openqa.selenium.support.ui.FluentWait.until(FluentWait.java:249)
at com.carbonite.Browser.ProxyDriver.waitForElementToBeVisible(ProxyDriver.java:153)
at com.carbonite.Browser.ProxyDriver.findElement(ProxyDriver.java:63)
at org.openqa.selenium.support.ui.ExpectedConditions$7.apply(ExpectedConditions.java:205)
at org.openqa.selenium.support.ui.ExpectedConditions$7.apply(ExpectedConditions.java:201)
at org.openqa.selenium.support.ui.FluentWait.until(FluentWait.java:249)
at com.carbonite.Browser.ProxyDriver.waitForElementToBeVisible(ProxyDriver.java:153)
at com.carbonite.Browser.ProxyDriver.findElement(ProxyDriver.java:63)
at org.openqa.selenium.support.ui.ExpectedConditions$7.apply(ExpectedConditions.java:205)
at org.openqa.selenium.support.ui.ExpectedConditions$7.apply(ExpectedConditions.java:201)
at org.openqa.selenium.support.ui.FluentWait.until(FluentWait.java:249)
at com.carbonite.Browser.ProxyDriver.waitForElementToBeVisible(ProxyDriver.java:153)
at com.carbonite.Browser.ProxyDriver.findElement(ProxyDriver.java:63)
at org.openqa.selenium.support.ui.ExpectedConditions$7.apply(ExpectedConditions.java:205)
at org.openqa.selenium.support.ui.ExpectedConditions$7.apply(ExpectedConditions.java:201)
at org.openqa.selenium.support.ui.FluentWait.until(FluentWait.java:249)
at com.carbonite.Browser.ProxyDriver.waitForElementToBeVisible(ProxyDriver.java:153)
at com.carbonite.Browser.ProxyDriver.findElement(ProxyDriver.java:63)
at org.openqa.selenium.support.ui.ExpectedConditions$7.apply(ExpectedConditions.java:205)
at org.openqa.selenium.support.ui.ExpectedConditions$7.apply(ExpectedConditions.java:201)
at org.openqa.selenium.support.ui.FluentWait.until(FluentWait.java:249)
at com.carbonite.Browser.ProxyDriver.waitForElementToBeVisible(ProxyDriver.java:153)
at com.carbonite.Browser.ProxyDriver.findElement(ProxyDriver.java:63)
at org.openqa.selenium.support.ui.ExpectedConditions$7.apply(ExpectedConditions.java:205)
at org.openqa.selenium.support.ui.ExpectedConditions$7.apply(ExpectedConditions.java:201)
at org.openqa.selenium.support.ui.FluentWait.until(FluentWait.java:249)
at com.carbonite.Browser.ProxyDriver.waitForElementToBeVisible(ProxyDriver.java:153)
at com.carbonite.Browser.ProxyDriver.findElement(ProxyDriver.java:63)
at org.openqa.selenium.support.ui.ExpectedConditions$7.apply(ExpectedConditions.java:205)
at org.openqa.selenium.support.ui.ExpectedConditions$7.apply(ExpectedConditions.java:201)
at org.openqa.selenium.support.ui.FluentWait.until(FluentWait.java:249)
at com.carbonite.Browser.ProxyDriver.waitForElementToBeVisible(ProxyDriver.java:153)
at com.carbonite.Browser.ProxyDriver.findElement(ProxyDriver.java:63)
at org.openqa.selenium.support.ui.ExpectedConditions$7.apply(ExpectedConditions.java:205)
at org.openqa.selenium.support.ui.ExpectedConditions$7.apply(ExpectedConditions.java:201)
at org.openqa.selenium.support.ui.FluentWait.until(FluentWait.java:249)
at com.carbonite.Browser.ProxyDriver.waitForElementToBeVisible(ProxyDriver.java:153)
at com.carbonite.Browser.ProxyDriver.findElement(ProxyDriver.java:63)
at org.openqa.selenium.support.ui.ExpectedConditions$7.apply(ExpectedConditions.java:205)
at org.openqa.selenium.support.ui.ExpectedConditions$7.apply(ExpectedConditions.java:201)
at org.openqa.selenium.support.ui.FluentWait.until(FluentWait.java:249)
at com.carbonite.Browser.ProxyDriver.waitForElementToBeVisible(ProxyDriver.java:153)
at com.carbonite.Browser.ProxyDriver.findElement(ProxyDriver.java:63)
at org.openqa.selenium.support.ui.ExpectedConditions$7.apply(ExpectedConditions.java:205)
at org.openqa.selenium.support.ui.ExpectedConditions$7.apply(ExpectedConditions.java:201)
at org.openqa.selenium.support.ui.FluentWait.until(FluentWait.java:249)
at com.carbonite.Browser.ProxyDriver.waitForElementToBeVisible(ProxyDriver.java:153)
at com.carbonite.Browser.ProxyDriver.findElement(ProxyDriver.java:63)
at org.openqa.selenium.support.ui.ExpectedConditions$7.apply(ExpectedConditions.java:205)
at org.openqa.selenium.support.ui.ExpectedConditions$7.apply(ExpectedConditions.java:201)
at org.openqa.selenium.support.ui.FluentWait.until(FluentWait.java:249)
at com.carbonite.Browser.ProxyDriver.waitForElementToBeVisible(ProxyDriver.java:153)
at com.carbonite.Browser.ProxyDriver.findElement(ProxyDriver.java:63)
at org.openqa.selenium.support.ui.ExpectedConditions$7.apply(ExpectedConditions.java:205)
at org.openqa.selenium.support.ui.ExpectedConditions$7.apply(ExpectedConditions.java:201)
at org.openqa.selenium.support.ui.FluentWait.until(FluentWait.java:249)
at com.carbonite.Browser.ProxyDriver.waitForElementToBeVisible(ProxyDriver.java:153)
at com.carbonite.Browser.ProxyDriver.findElement(ProxyDriver.java:63)
at org.openqa.selenium.support.ui.ExpectedConditions$7.apply(ExpectedConditions.java:205)
at org.openqa.selenium.support.ui.ExpectedConditions$7.apply(ExpectedConditions.java:201)
at org.openqa.selenium.support.ui.FluentWait.until(FluentWait.java:249)
at com.carbonite.Browser.ProxyDriver.waitForElementToBeVisible(ProxyDriver.java:153)
at com.carbonite.Browser.ProxyDriver.findElement(ProxyDriver.java:63)
at org.openqa.selenium.support.ui.ExpectedConditions$7.apply(ExpectedConditions.java:205)
at org.openqa.selenium.support.ui.ExpectedConditions$7.apply(ExpectedConditions.java:201)
at org.openqa.selenium.support.ui.FluentWait.until(FluentWait.java:249)
at com.carbonite.Browser.ProxyDriver.waitForElementToBeVisible(ProxyDriver.java:153)
at com.carbonite.Browser.ProxyDriver.findElement(ProxyDriver.java:63)
at org.openqa.selenium.support.ui.ExpectedConditions$7.apply(ExpectedConditions.java:205)
at org.openqa.selenium.support.ui.ExpectedConditions$7.apply(ExpectedConditions.java:201)
at org.openqa.selenium.support.ui.FluentWait.until(FluentWait.java:249)
at com.carbonite.Browser.ProxyDriver.waitForElementToBeVisible(ProxyDriver.java:153)
at com.carbonite.Browser.ProxyDriver.findElement(ProxyDriver.java:63)
at org.openqa.selenium.support.ui.ExpectedConditions$7.apply(ExpectedConditions.java:205)
at org.openqa.selenium.support.ui.ExpectedConditions$7.apply(ExpectedConditions.java:201)
at org.openqa.selenium.support.ui.FluentWait.until(FluentWait.java:249)
at com.carbonite.Browser.ProxyDriver.waitForElementToBeVisible(ProxyDriver.java:153)
at com.carbonite.Browser.ProxyDriver.findElement(ProxyDriver.java:63)
at org.openqa.selenium.support.ui.ExpectedConditions$7.apply(ExpectedConditions.java:205)
at org.openqa.selenium.support.ui.ExpectedConditions$7.apply(ExpectedConditions.java:201)
at org.openqa.selenium.support.ui.FluentWait.until(FluentWait.java:249)
at com.carbonite.Browser.ProxyDriver.waitForElementToBeVisible(ProxyDriver.java:153)
at com.carbonite.Browser.ProxyDriver.findElement(ProxyDriver.java:63)
at org.openqa.selenium.support.ui.ExpectedConditions$7.apply(ExpectedConditions.java:205)
at org.openqa.selenium.support.ui.ExpectedConditions$7.apply(ExpectedConditions.java:201)
at org.openqa.selenium.support.ui.FluentWait.until(FluentWait.java:249)
at com.carbonite.Browser.ProxyDriver.waitForElementToBeVisible(ProxyDriver.java:153)
at com.carbonite.Browser.ProxyDriver.findElement(ProxyDriver.java:63)
at org.openqa.selenium.support.ui.ExpectedConditions$7.apply(ExpectedConditions.java:205)
at org.openqa.selenium.support.ui.ExpectedConditions$7.apply(ExpectedConditions.java:201)
at org.openqa.selenium.support.ui.FluentWait.until(FluentWait.java:249)
at com.carbonite.Browser.ProxyDriver.waitForElementToBeVisible(ProxyDriver.java:153)
at com.carbonite.Browser.ProxyDriver.findElement(ProxyDriver.java:63)
at org.openqa.selenium.support.ui.ExpectedConditions$7.apply(ExpectedConditions.java:205)
at org.openqa.selenium.support.ui.ExpectedConditions$7.apply(ExpectedConditions.java:201)
at org.openqa.selenium.support.ui.FluentWait.until(FluentWait.java:249)
at com.carbonite.Browser.ProxyDriver.waitForElementToBeVisible(ProxyDriver.java:153)
at com.carbonite.Browser.ProxyDriver.findElement(ProxyDriver.java:63)
at org.openqa.selenium.support.ui.ExpectedConditions$7.apply(ExpectedConditions.java:205)
at org.openqa.selenium.support.ui.ExpectedConditions$7.apply(ExpectedConditions.java:201)
at org.openqa.selenium.support.ui.FluentWait.until(FluentWait.java:249)
at com.carbonite.Browser.ProxyDriver.waitForElementToBeVisible(ProxyDriver.java:153)
at com.carbonite.Browser.ProxyDriver.findElement(ProxyDriver.java:63)
at org.openqa.selenium.support.ui.ExpectedConditions$7.apply(ExpectedConditions.java:205)
at org.openqa.selenium.support.ui.ExpectedConditions$7.apply(ExpectedConditions.java:201)
at org.openqa.selenium.support.ui.FluentWait.until(FluentWait.java:249)
at com.carbonite.Browser.ProxyDriver.waitForElementToBeVisible(ProxyDriver.java:153)
at com.carbonite.Browser.ProxyDriver.findElement(ProxyDriver.java:63)
at org.openqa.selenium.support.ui.ExpectedConditions$7.apply(ExpectedConditions.java:205)
at org.openqa.selenium.support.ui.ExpectedConditions$7.apply(ExpectedConditions.java:201)
at org.openqa.selenium.support.ui.FluentWait.until(FluentWait.java:249)
at com.carbonite.Browser.ProxyDriver.waitForElementToBeVisible(ProxyDriver.java:153)
at com.carbonite.Browser.ProxyDriver.findElement(ProxyDriver.java:63)
at org.openqa.selenium.support.ui.ExpectedConditions$7.apply(ExpectedConditions.java:205)
at org.openqa.selenium.support.ui.ExpectedConditions$7.apply(ExpectedConditions.java:201)
at org.openqa.selenium.support.ui.FluentWait.until(FluentWait.java:249)
at com.carbonite.Browser.ProxyDriver.waitForElementToBeVisible(ProxyDriver.java:153)
at com.carbonite.Browser.ProxyDriver.findElement(ProxyDriver.java:63)
at org.openqa.selenium.support.ui.ExpectedConditions$7.apply(ExpectedConditions.java:205)
at org.openqa.selenium.support.ui.ExpectedConditions$7.apply(ExpectedConditions.java:201)
at org.openqa.selenium.support.ui.FluentWait.until(FluentWait.java:249)
at com.carbonite.Browser.ProxyDriver.waitForElementToBeVisible(ProxyDriver.java:153)
at com.carbonite.Browser.ProxyDriver.findElement(ProxyDriver.java:63)
at org.openqa.selenium.support.ui.ExpectedConditions$7.apply(ExpectedConditions.java:205)
at org.openqa.selenium.support.ui.ExpectedConditions$7.apply(ExpectedConditions.java:201)
at org.openqa.selenium.support.ui.FluentWait.until(FluentWait.java:249)
at com.carbonite.Browser.ProxyDriver.waitForElementToBeVisible(ProxyDriver.java:153)
at com.carbonite.Browser.ProxyDriver.findElement(ProxyDriver.java:63)
at org.openqa.selenium.support.ui.ExpectedConditions$7.apply(ExpectedConditions.java:205)
at org.openqa.selenium.support.ui.ExpectedConditions$7.apply(ExpectedConditions.java:201)
at org.openqa.selenium.support.ui.FluentWait.until(FluentWait.java:249)
at com.carbonite.Browser.ProxyDriver.waitForElementToBeVisible(ProxyDriver.java:153)
at com.carbonite.Browser.ProxyDriver.findElement(ProxyDriver.java:63)
at org.openqa.selenium.support.ui.ExpectedConditions$7.apply(ExpectedConditions.java:205)
at org.openqa.selenium.support.ui.ExpectedConditions$7.apply(ExpectedConditions.java:201)
at org.openqa.selenium.support.ui.FluentWait.until(FluentWait.java:249)
at com.carbonite.Browser.ProxyDriver.waitForElementToBeVisible(ProxyDriver.java:153)
at com.carbonite.Browser.ProxyDriver.findElement(ProxyDriver.java:63)
at org.openqa.selenium.support.ui.ExpectedConditions$7.apply(ExpectedConditions.java:205)
at org.openqa.selenium.support.ui.ExpectedConditions$7.apply(ExpectedConditions.java:201)
at org.openqa.selenium.support.ui.FluentWait.until(FluentWait.java:249)
at com.carbonite.Browser.ProxyDriver.waitForElementToBeVisible(ProxyDriver.java:153)
at com.carbonite.Browser.ProxyDriver.findElement(ProxyDriver.java:63)
at org.openqa.selenium.support.ui.ExpectedConditions$7.apply(ExpectedConditions.java:205)
at org.openqa.selenium.support.ui.ExpectedConditions$7.apply(ExpectedConditions.java:201)
at org.openqa.selenium.support.ui.FluentWait.until(FluentWait.java:249)
at com.carbonite.Browser.ProxyDriver.waitForElementToBeVisible(ProxyDriver.java:153)
at com.carbonite.Browser.ProxyDriver.findElement(ProxyDriver.java:63)
at org.openqa.selenium.support.ui.ExpectedConditions$7.apply(ExpectedConditions.java:205)
at org.openqa.selenium.support.ui.ExpectedConditions$7.apply(ExpectedConditions.java:201)
at org.openqa.selenium.support.ui.FluentWait.until(FluentWait.java:249)
at com.carbonite.Browser.ProxyDriver.waitForElementToBeVisible(ProxyDriver.java:153)
at com.carbonite.Browser.ProxyDriver.findElement(ProxyDriver.java:63)
at org.openqa.selenium.support.ui.ExpectedConditions$7.apply(ExpectedConditions.java:205)
at org.openqa.selenium.support.ui.ExpectedConditions$7.apply(ExpectedConditions.java:201)
at org.openqa.selenium.support.ui.FluentWait.until(FluentWait.java:249)
at com.carbonite.Browser.ProxyDriver.waitForElementToBeVisible(ProxyDriver.java:153)
at com.carbonite.Browser.ProxyDriver.findElement(ProxyDriver.java:63)
at org.openqa.selenium.support.ui.ExpectedConditions$7.apply(ExpectedConditions.java:205)
at org.openqa.selenium.support.ui.ExpectedConditions$7.apply(ExpectedConditions.java:201)
at org.openqa.selenium.support.ui.FluentWait.until(FluentWait.java:249)
at com.carbonite.Browser.ProxyDriver.waitForElementToBeVisible(ProxyDriver.java:153)
at com.carbonite.Browser.ProxyDriver.findElement(ProxyDriver.java:63)
at org.openqa.selenium.support.ui.ExpectedConditions$7.apply(ExpectedConditions.java:205)
at org.openqa.selenium.support.ui.ExpectedConditions$7.apply(ExpectedConditions.java:201)
at org.openqa.selenium.support.ui.FluentWait.until(FluentWait.java:249)
at com.carbonite.Browser.ProxyDriver.waitForElementToBeVisible(ProxyDriver.java:153)
at com.carbonite.Browser.ProxyDriver.findElement(ProxyDriver.java:63)
at org.openqa.selenium.support.ui.ExpectedConditions$7.apply(ExpectedConditions.java:205)
at org.openqa.selenium.support.ui.ExpectedConditions$7.apply(ExpectedConditions.java:201)
at org.openqa.selenium.support.ui.FluentWait.until(FluentWait.java:249)
at com.carbonite.Browser.ProxyDriver.waitForElementToBeVisible(ProxyDriver.java:153)
at com.carbonite.Browser.ProxyDriver.findElement(ProxyDriver.java:63)
at org.openqa.selenium.support.ui.ExpectedConditions$7.apply(ExpectedConditions.java:205)
at org.openqa.selenium.support.ui.ExpectedConditions$7.apply(ExpectedConditions.java:201)
at org.openqa.selenium.support.ui.FluentWait.until(FluentWait.java:249)
at com.carbonite.Browser.ProxyDriver.waitForElementToBeVisible(ProxyDriver.java:153)
at com.carbonite.Browser.ProxyDriver.findElement(ProxyDriver.java:63)
at org.openqa.selenium.support.ui.ExpectedConditions$7.apply(ExpectedConditions.java:205)
at org.openqa.selenium.support.ui.ExpectedConditions$7.apply(ExpectedConditions.java:201)
at org.openqa.selenium.support.ui.FluentWait.until(FluentWait.java:249)
at com.carbonite.Browser.ProxyDriver.waitForElementToBeVisible(ProxyDriver.java:153)
at com.carbonite.Browser.ProxyDriver.findElement(ProxyDriver.java:63)
at org.openqa.selenium.support.ui.ExpectedConditions$7.apply(ExpectedConditions.java:205)
at org.openqa.selenium.support.ui.ExpectedConditions$7.apply(ExpectedConditions.java:201)
at org.openqa.selenium.support.ui.FluentWait.until(FluentWait.java:249)
at com.carbonite.Browser.ProxyDriver.waitForElementToBeVisible(ProxyDriver.java:153)
at com.carbonite.Browser.ProxyDriver.findElement(ProxyDriver.java:63)
at org.openqa.selenium.support.ui.ExpectedConditions$7.apply(ExpectedConditions.java:205)
at org.openqa.selenium.support.ui.ExpectedConditions$7.apply(ExpectedConditions.java:201)
at org.openqa.selenium.support.ui.FluentWait.until(FluentWait.java:249)
at com.carbonite.Browser.ProxyDriver.waitForElementToBeVisible(ProxyDriver.java:153)
at com.carbonite.Browser.ProxyDriver.findElement(ProxyDriver.java:63)
at org.openqa.selenium.support.ui.ExpectedConditions$7.apply(ExpectedConditions.java:205)
at org.openqa.selenium.support.ui.ExpectedConditions$7.apply(ExpectedConditions.java:201)
at org.openqa.selenium.support.ui.FluentWait.until(FluentWait.java:249)
at com.carbonite.Browser.ProxyDriver.waitForElementToBeVisible(ProxyDriver.java:153)
at ?.User is on home page(file:///F:/Carbonite/Parent_Project/Portals/VueDawnPortal/features/CompareBackUpPlanPageFeature/CompareBackUpPlanPage.feature:23)
]]>
    </error>
  </testcase> <!-- runScenario -->
</testsuite> <!-- com.carbonite.test.suites.CompareBackUpPlanPageTest -->
